This is pdfTeX, Version 3.14159265-2.6-1.40.18 (TeX Live 2017/Debian) (preloaded format=pdflatex 2019.1.29)  21 JUN 2019 16:03
entering extended mode
 restricted \write18 enabled.
 %&-line parsing enabled.
**Conductor.tex
(./Conductor.tex
LaTeX2e <2017-04-15>
Babel <3.18> and hyphenation patterns for 84 language(s) loaded.
(/usr/share/texlive/texmf-dist/tex/latex/beamer/beamer.cls
Document Class: beamer 2018/02/20 v3.50 A class for typesetting presentations
(/usr/share/texlive/texmf-dist/tex/latex/beamer/beamerbasemodes.sty
(/usr/share/texlive/texmf-dist/tex/latex/etoolbox/etoolbox.sty
Package: etoolbox 2018/02/11 v2.5e e-TeX tools for LaTeX (JAW)
\etb@tempcnta=\count79
)
\beamer@tempbox=\box26
\beamer@tempcount=\count80
\c@beamerpauses=\count81

(/usr/share/texlive/texmf-dist/tex/latex/beamer/beamerbasedecode.sty
\beamer@slideinframe=\count82
\beamer@minimum=\count83
)
\beamer@commentbox=\box27
\beamer@modecount=\count84
)
(/usr/share/texlive/texmf-dist/tex/generic/oberdiek/ifpdf.sty
Package: ifpdf 2017/03/15 v3.2 Provides the ifpdf switch
)
\headdp=\dimen102
\footheight=\dimen103
\sidebarheight=\dimen104
\beamer@tempdim=\dimen105
\beamer@finalheight=\dimen106
\beamer@animht=\dimen107
\beamer@animdp=\dimen108
\beamer@animwd=\dimen109
\beamer@leftmargin=\dimen110
\beamer@rightmargin=\dimen111
\beamer@leftsidebar=\dimen112
\beamer@rightsidebar=\dimen113
\beamer@boxsize=\dimen114
\beamer@vboxoffset=\dimen115
\beamer@descdefault=\dimen116
\beamer@descriptionwidth=\dimen117
\beamer@lastskip=\skip41
\beamer@areabox=\box28
\beamer@animcurrent=\box29
\beamer@animshowbox=\box30
\beamer@sectionbox=\box31
\beamer@logobox=\box32
\beamer@linebox=\box33
\beamer@sectioncount=\count85
\beamer@subsubsectionmax=\count86
\beamer@subsectionmax=\count87
\beamer@sectionmax=\count88
\beamer@totalheads=\count89
\beamer@headcounter=\count90
\beamer@partstartpage=\count91
\beamer@sectionstartpage=\count92
\beamer@subsectionstartpage=\count93
\beamer@animationtempa=\count94
\beamer@animationtempb=\count95
\beamer@xpos=\count96
\beamer@ypos=\count97
\beamer@ypos@offset=\count98
\beamer@showpartnumber=\count99
\beamer@currentsubsection=\count100
\beamer@coveringdepth=\count101
\beamer@sectionadjust=\count102
\beamer@tocsectionnumber=\count103

(/usr/share/texlive/texmf-dist/tex/latex/beamer/beamerbaseoptions.sty
(/usr/share/texlive/texmf-dist/tex/latex/graphics/keyval.sty
Package: keyval 2014/10/28 v1.15 key=value parser (DPC)
\KV@toks@=\toks14
))
\beamer@paperwidth=\skip42
\beamer@paperheight=\skip43

(/usr/share/texlive/texmf-dist/tex/latex/geometry/geometry.sty
Package: geometry 2010/09/12 v5.6 Page Geometry

(/usr/share/texlive/texmf-dist/tex/generic/oberdiek/ifvtex.sty
Package: ifvtex 2016/05/16 v1.6 Detect VTeX and its facilities (HO)
Package ifvtex Info: VTeX not detected.
)
(/usr/share/texlive/texmf-dist/tex/generic/ifxetex/ifxetex.sty
Package: ifxetex 2010/09/12 v0.6 Provides ifxetex conditional
)
\Gm@cnth=\count104
\Gm@cntv=\count105
\c@Gm@tempcnt=\count106
\Gm@bindingoffset=\dimen118
\Gm@wd@mp=\dimen119
\Gm@odd@mp=\dimen120
\Gm@even@mp=\dimen121
\Gm@layoutwidth=\dimen122
\Gm@layoutheight=\dimen123
\Gm@layouthoffset=\dimen124
\Gm@layoutvoffset=\dimen125
\Gm@dimlist=\toks15
)
(/usr/share/texlive/texmf-dist/tex/latex/base/size11.clo
File: size11.clo 2014/09/29 v1.4h Standard LaTeX file (size option)
)
(/usr/share/texlive/texmf-dist/tex/latex/pgf/basiclayer/pgfcore.sty
(/usr/share/texlive/texmf-dist/tex/latex/graphics/graphicx.sty
Package: graphicx 2017/06/01 v1.1a Enhanced LaTeX Graphics (DPC,SPQR)

(/usr/share/texlive/texmf-dist/tex/latex/graphics/graphics.sty
Package: graphics 2017/06/25 v1.2c Standard LaTeX Graphics (DPC,SPQR)

(/usr/share/texlive/texmf-dist/tex/latex/graphics/trig.sty
Package: trig 2016/01/03 v1.10 sin cos tan (DPC)
)
(/usr/share/texlive/texmf-dist/tex/latex/graphics-cfg/graphics.cfg
File: graphics.cfg 2016/06/04 v1.11 sample graphics configuration
)
Package graphics Info: Driver file: pdftex.def on input line 99.

(/usr/share/texlive/texmf-dist/tex/latex/graphics-def/pdftex.def
File: pdftex.def 2018/01/08 v1.0l Graphics/color driver for pdftex
))
\Gin@req@height=\dimen126
\Gin@req@width=\dimen127
)
(/usr/share/texlive/texmf-dist/tex/latex/pgf/systemlayer/pgfsys.sty
(/usr/share/texlive/texmf-dist/tex/latex/pgf/utilities/pgfrcs.sty
(/usr/share/texlive/texmf-dist/tex/generic/pgf/utilities/pgfutil-common.tex
\pgfutil@everybye=\toks16
\pgfutil@tempdima=\dimen128
\pgfutil@tempdimb=\dimen129

(/usr/share/texlive/texmf-dist/tex/generic/pgf/utilities/pgfutil-common-lists.t
ex)) (/usr/share/texlive/texmf-dist/tex/generic/pgf/utilities/pgfutil-latex.def
\pgfutil@abb=\box34
(/usr/share/texlive/texmf-dist/tex/latex/ms/everyshi.sty
Package: everyshi 2001/05/15 v3.00 EveryShipout Package (MS)
))
(/usr/share/texlive/texmf-dist/tex/generic/pgf/utilities/pgfrcs.code.tex
Package: pgfrcs 2015/08/07 v3.0.1a (rcs-revision 1.31)
))
(/usr/share/texlive/texmf-dist/tex/generic/pgf/systemlayer/pgfsys.code.tex
Package: pgfsys 2014/07/09 v3.0.1a (rcs-revision 1.48)

(/usr/share/texlive/texmf-dist/tex/generic/pgf/utilities/pgfkeys.code.tex
\pgfkeys@pathtoks=\toks17
\pgfkeys@temptoks=\toks18

(/usr/share/texlive/texmf-dist/tex/generic/pgf/utilities/pgfkeysfiltered.code.t
ex
\pgfkeys@tmptoks=\toks19
))
\pgf@x=\dimen130
\pgf@y=\dimen131
\pgf@xa=\dimen132
\pgf@ya=\dimen133
\pgf@xb=\dimen134
\pgf@yb=\dimen135
\pgf@xc=\dimen136
\pgf@yc=\dimen137
\w@pgf@writea=\write3
\r@pgf@reada=\read1
\c@pgf@counta=\count107
\c@pgf@countb=\count108
\c@pgf@countc=\count109
\c@pgf@countd=\count110
\t@pgf@toka=\toks20
\t@pgf@tokb=\toks21
\t@pgf@tokc=\toks22
 (/usr/share/texlive/texmf-dist/tex/generic/pgf/systemlayer/pgf.cfg
File: pgf.cfg 2008/05/14  (rcs-revision 1.7)
)
Driver file for pgf: pgfsys-pdftex.def

(/usr/share/texlive/texmf-dist/tex/generic/pgf/systemlayer/pgfsys-pdftex.def
File: pgfsys-pdftex.def 2014/10/11  (rcs-revision 1.35)

(/usr/share/texlive/texmf-dist/tex/generic/pgf/systemlayer/pgfsys-common-pdf.de
f
File: pgfsys-common-pdf.def 2013/10/10  (rcs-revision 1.13)
)))
(/usr/share/texlive/texmf-dist/tex/generic/pgf/systemlayer/pgfsyssoftpath.code.
tex
File: pgfsyssoftpath.code.tex 2013/09/09  (rcs-revision 1.9)
\pgfsyssoftpath@smallbuffer@items=\count111
\pgfsyssoftpath@bigbuffer@items=\count112
)
(/usr/share/texlive/texmf-dist/tex/generic/pgf/systemlayer/pgfsysprotocol.code.
tex
File: pgfsysprotocol.code.tex 2006/10/16  (rcs-revision 1.4)
)) (/usr/share/texlive/texmf-dist/tex/latex/xcolor/xcolor.sty
Package: xcolor 2016/05/11 v2.12 LaTeX color extensions (UK)

(/usr/share/texlive/texmf-dist/tex/latex/graphics-cfg/color.cfg
File: color.cfg 2016/01/02 v1.6 sample color configuration
)
Package xcolor Info: Driver file: pdftex.def on input line 225.
Package xcolor Info: Model `cmy' substituted by `cmy0' on input line 1348.
Package xcolor Info: Model `hsb' substituted by `rgb' on input line 1352.
Package xcolor Info: Model `RGB' extended on input line 1364.
Package xcolor Info: Model `HTML' substituted by `rgb' on input line 1366.
Package xcolor Info: Model `Hsb' substituted by `hsb' on input line 1367.
Package xcolor Info: Model `tHsb' substituted by `hsb' on input line 1368.
Package xcolor Info: Model `HSB' substituted by `hsb' on input line 1369.
Package xcolor Info: Model `Gray' substituted by `gray' on input line 1370.
Package xcolor Info: Model `wave' substituted by `hsb' on input line 1371.
)
(/usr/share/texlive/texmf-dist/tex/generic/pgf/basiclayer/pgfcore.code.tex
Package: pgfcore 2010/04/11 v3.0.1a (rcs-revision 1.7)

(/usr/share/texlive/texmf-dist/tex/generic/pgf/math/pgfmath.code.tex
(/usr/share/texlive/texmf-dist/tex/generic/pgf/math/pgfmathcalc.code.tex
(/usr/share/texlive/texmf-dist/tex/generic/pgf/math/pgfmathutil.code.tex)
(/usr/share/texlive/texmf-dist/tex/generic/pgf/math/pgfmathparser.code.tex
\pgfmath@dimen=\dimen138
\pgfmath@count=\count113
\pgfmath@box=\box35
\pgfmath@toks=\toks23
\pgfmath@stack@operand=\toks24
\pgfmath@stack@operation=\toks25
)
(/usr/share/texlive/texmf-dist/tex/generic/pgf/math/pgfmathfunctions.code.tex
(/usr/share/texlive/texmf-dist/tex/generic/pgf/math/pgfmathfunctions.basic.code
.tex)
(/usr/share/texlive/texmf-dist/tex/generic/pgf/math/pgfmathfunctions.trigonomet
ric.code.tex)
(/usr/share/texlive/texmf-dist/tex/generic/pgf/math/pgfmathfunctions.random.cod
e.tex)
(/usr/share/texlive/texmf-dist/tex/generic/pgf/math/pgfmathfunctions.comparison
.code.tex)
(/usr/share/texlive/texmf-dist/tex/generic/pgf/math/pgfmathfunctions.base.code.
tex)
(/usr/share/texlive/texmf-dist/tex/generic/pgf/math/pgfmathfunctions.round.code
.tex)
(/usr/share/texlive/texmf-dist/tex/generic/pgf/math/pgfmathfunctions.misc.code.
tex)
(/usr/share/texlive/texmf-dist/tex/generic/pgf/math/pgfmathfunctions.integerari
thmetics.code.tex)))
(/usr/share/texlive/texmf-dist/tex/generic/pgf/math/pgfmathfloat.code.tex
\c@pgfmathroundto@lastzeros=\count114
))
(/usr/share/texlive/texmf-dist/tex/generic/pgf/basiclayer/pgfcorepoints.code.te
x
File: pgfcorepoints.code.tex 2013/10/07  (rcs-revision 1.27)
\pgf@picminx=\dimen139
\pgf@picmaxx=\dimen140
\pgf@picminy=\dimen141
\pgf@picmaxy=\dimen142
\pgf@pathminx=\dimen143
\pgf@pathmaxx=\dimen144
\pgf@pathminy=\dimen145
\pgf@pathmaxy=\dimen146
\pgf@xx=\dimen147
\pgf@xy=\dimen148
\pgf@yx=\dimen149
\pgf@yy=\dimen150
\pgf@zx=\dimen151
\pgf@zy=\dimen152
)
(/usr/share/texlive/texmf-dist/tex/generic/pgf/basiclayer/pgfcorepathconstruct.
code.tex
File: pgfcorepathconstruct.code.tex 2013/10/07  (rcs-revision 1.29)
\pgf@path@lastx=\dimen153
\pgf@path@lasty=\dimen154
)
(/usr/share/texlive/texmf-dist/tex/generic/pgf/basiclayer/pgfcorepathusage.code
.tex
File: pgfcorepathusage.code.tex 2014/11/02  (rcs-revision 1.24)
\pgf@shorten@end@additional=\dimen155
\pgf@shorten@start@additional=\dimen156
)
(/usr/share/texlive/texmf-dist/tex/generic/pgf/basiclayer/pgfcorescopes.code.te
x
File: pgfcorescopes.code.tex 2015/05/08  (rcs-revision 1.46)
\pgfpic=\box36
\pgf@hbox=\box37
\pgf@layerbox@main=\box38
\pgf@picture@serial@count=\count115
)
(/usr/share/texlive/texmf-dist/tex/generic/pgf/basiclayer/pgfcoregraphicstate.c
ode.tex
File: pgfcoregraphicstate.code.tex 2014/11/02  (rcs-revision 1.12)
\pgflinewidth=\dimen157
)
(/usr/share/texlive/texmf-dist/tex/generic/pgf/basiclayer/pgfcoretransformation
s.code.tex
File: pgfcoretransformations.code.tex 2015/08/07  (rcs-revision 1.20)
\pgf@pt@x=\dimen158
\pgf@pt@y=\dimen159
\pgf@pt@temp=\dimen160
)
(/usr/share/texlive/texmf-dist/tex/generic/pgf/basiclayer/pgfcorequick.code.tex
File: pgfcorequick.code.tex 2008/10/09  (rcs-revision 1.3)
)
(/usr/share/texlive/texmf-dist/tex/generic/pgf/basiclayer/pgfcoreobjects.code.t
ex
File: pgfcoreobjects.code.tex 2006/10/11  (rcs-revision 1.2)
)
(/usr/share/texlive/texmf-dist/tex/generic/pgf/basiclayer/pgfcorepathprocessing
.code.tex
File: pgfcorepathprocessing.code.tex 2013/09/09  (rcs-revision 1.9)
)
(/usr/share/texlive/texmf-dist/tex/generic/pgf/basiclayer/pgfcorearrows.code.te
x
File: pgfcorearrows.code.tex 2015/05/14  (rcs-revision 1.43)
\pgfarrowsep=\dimen161
)
(/usr/share/texlive/texmf-dist/tex/generic/pgf/basiclayer/pgfcoreshade.code.tex
File: pgfcoreshade.code.tex 2013/07/15  (rcs-revision 1.15)
\pgf@max=\dimen162
\pgf@sys@shading@range@num=\count116
)
(/usr/share/texlive/texmf-dist/tex/generic/pgf/basiclayer/pgfcoreimage.code.tex
File: pgfcoreimage.code.tex 2013/07/15  (rcs-revision 1.18)

(/usr/share/texlive/texmf-dist/tex/generic/pgf/basiclayer/pgfcoreexternal.code.
tex
File: pgfcoreexternal.code.tex 2014/07/09  (rcs-revision 1.21)
\pgfexternal@startupbox=\box39
))
(/usr/share/texlive/texmf-dist/tex/generic/pgf/basiclayer/pgfcorelayers.code.te
x
File: pgfcorelayers.code.tex 2013/07/18  (rcs-revision 1.7)
)
(/usr/share/texlive/texmf-dist/tex/generic/pgf/basiclayer/pgfcoretransparency.c
ode.tex
File: pgfcoretransparency.code.tex 2013/09/30  (rcs-revision 1.5)
)
(/usr/share/texlive/texmf-dist/tex/generic/pgf/basiclayer/pgfcorepatterns.code.
tex
File: pgfcorepatterns.code.tex 2013/11/07  (rcs-revision 1.5)
))) (/usr/share/texlive/texmf-dist/tex/latex/pgf/utilities/xxcolor.sty
Package: xxcolor 2003/10/24 ver 0.1
\XC@nummixins=\count117
\XC@countmixins=\count118
)
(/usr/share/texlive/texmf-dist/tex/generic/oberdiek/atbegshi.sty
Package: atbegshi 2016/06/09 v1.18 At begin shipout hook (HO)

(/usr/share/texlive/texmf-dist/tex/generic/oberdiek/infwarerr.sty
Package: infwarerr 2016/05/16 v1.4 Providing info/warning/error messages (HO)
)
(/usr/share/texlive/texmf-dist/tex/generic/oberdiek/ltxcmds.sty
Package: ltxcmds 2016/05/16 v1.23 LaTeX kernel commands for general use (HO)
))
(/usr/share/texlive/texmf-dist/tex/latex/hyperref/hyperref.sty
Package: hyperref 2018/02/06 v6.86b Hypertext links for LaTeX

(/usr/share/texlive/texmf-dist/tex/generic/oberdiek/hobsub-hyperref.sty
Package: hobsub-hyperref 2016/05/16 v1.14 Bundle oberdiek, subset hyperref (HO)


(/usr/share/texlive/texmf-dist/tex/generic/oberdiek/hobsub-generic.sty
Package: hobsub-generic 2016/05/16 v1.14 Bundle oberdiek, subset generic (HO)
Package: hobsub 2016/05/16 v1.14 Construct package bundles (HO)
Package hobsub Info: Skipping package `infwarerr' (already loaded).
Package hobsub Info: Skipping package `ltxcmds' (already loaded).
Package: ifluatex 2016/05/16 v1.4 Provides the ifluatex switch (HO)
Package ifluatex Info: LuaTeX not detected.
Package hobsub Info: Skipping package `ifvtex' (already loaded).
Package: intcalc 2016/05/16 v1.2 Expandable calculations with integers (HO)
Package hobsub Info: Skipping package `ifpdf' (already loaded).
Package: etexcmds 2016/05/16 v1.6 Avoid name clashes with e-TeX commands (HO)
Package etexcmds Info: Could not find \expanded.
(etexcmds)             That can mean that you are not using pdfTeX 1.50 or
(etexcmds)             that some package has redefined \expanded.
(etexcmds)             In the latter case, load this package earlier.
Package: kvsetkeys 2016/05/16 v1.17 Key value parser (HO)
Package: kvdefinekeys 2016/05/16 v1.4 Define keys (HO)
Package: pdftexcmds 2018/01/21 v0.26 Utility functions of pdfTeX for LuaTeX (HO
)
Package pdftexcmds Info: LuaTeX not detected.
Package pdftexcmds Info: \pdf@primitive is available.
Package pdftexcmds Info: \pdf@ifprimitive is available.
Package pdftexcmds Info: \pdfdraftmode found.
Package: pdfescape 2016/05/16 v1.14 Implements pdfTeX's escape features (HO)
Package: bigintcalc 2016/05/16 v1.4 Expandable calculations on big integers (HO
)
Package: bitset 2016/05/16 v1.2 Handle bit-vector datatype (HO)
Package: uniquecounter 2016/05/16 v1.3 Provide unlimited unique counter (HO)
)
Package hobsub Info: Skipping package `hobsub' (already loaded).
Package: letltxmacro 2016/05/16 v1.5 Let assignment for LaTeX macros (HO)
Package: hopatch 2016/05/16 v1.3 Wrapper for package hooks (HO)
Package: xcolor-patch 2016/05/16 xcolor patch
Package: atveryend 2016/05/16 v1.9 Hooks at the very end of document (HO)
Package hobsub Info: Skipping package `atbegshi' (already loaded).
Package: refcount 2016/05/16 v3.5 Data extraction from label references (HO)
Package: hycolor 2016/05/16 v1.8 Color options for hyperref/bookmark (HO)
)
(/usr/share/texlive/texmf-dist/tex/latex/oberdiek/auxhook.sty
Package: auxhook 2016/05/16 v1.4 Hooks for auxiliary files (HO)
)
(/usr/share/texlive/texmf-dist/tex/latex/oberdiek/kvoptions.sty
Package: kvoptions 2016/05/16 v3.12 Key value format for package options (HO)
)
\@linkdim=\dimen163
\Hy@linkcounter=\count119
\Hy@pagecounter=\count120

(/usr/share/texlive/texmf-dist/tex/latex/hyperref/pd1enc.def
File: pd1enc.def 2018/02/06 v6.86b Hyperref: PDFDocEncoding definition (HO)
)
\Hy@SavedSpaceFactor=\count121

(/usr/share/texlive/texmf-dist/tex/latex/latexconfig/hyperref.cfg
File: hyperref.cfg 2002/06/06 v1.2 hyperref configuration of TeXLive
)
Package hyperref Info: Option `bookmarks' set `true' on input line 4383.
Package hyperref Info: Option `bookmarksopen' set `true' on input line 4383.
Package hyperref Info: Option `implicit' set `false' on input line 4383.
Package hyperref Info: Hyper figures OFF on input line 4509.
Package hyperref Info: Link nesting OFF on input line 4514.
Package hyperref Info: Hyper index ON on input line 4517.
Package hyperref Info: Plain pages OFF on input line 4524.
Package hyperref Info: Backreferencing OFF on input line 4529.
Package hyperref Info: Implicit mode OFF; no redefinition of LaTeX internals.
Package hyperref Info: Bookmarks ON on input line 4762.
\c@Hy@tempcnt=\count122

(/usr/share/texlive/texmf-dist/tex/latex/url/url.sty
\Urlmuskip=\muskip10
Package: url 2013/09/16  ver 3.4  Verb mode for urls, etc.
)
LaTeX Info: Redefining \url on input line 5115.
\XeTeXLinkMargin=\dimen164
\Fld@menulength=\count123
\Field@Width=\dimen165
\Fld@charsize=\dimen166
Package hyperref Info: Hyper figures OFF on input line 6369.
Package hyperref Info: Link nesting OFF on input line 6374.
Package hyperref Info: Hyper index ON on input line 6377.
Package hyperref Info: backreferencing OFF on input line 6384.
Package hyperref Info: Link coloring OFF on input line 6389.
Package hyperref Info: Link coloring with OCG OFF on input line 6394.
Package hyperref Info: PDF/A mode OFF on input line 6399.
LaTeX Info: Redefining \ref on input line 6439.
LaTeX Info: Redefining \pageref on input line 6443.
\Hy@abspage=\count124


Package hyperref Message: Stopped early.

)
Package hyperref Info: Driver (autodetected): hpdftex.
 (/usr/share/texlive/texmf-dist/tex/latex/hyperref/hpdftex.def
File: hpdftex.def 2018/02/06 v6.86b Hyperref driver for pdfTeX
\Fld@listcount=\count125
\c@bookmark@seq@number=\count126

(/usr/share/texlive/texmf-dist/tex/latex/oberdiek/rerunfilecheck.sty
Package: rerunfilecheck 2016/05/16 v1.8 Rerun checks for auxiliary files (HO)
Package uniquecounter Info: New unique counter `rerunfilecheck' on input line 2
82.
))
(/usr/share/texlive/texmf-dist/tex/latex/beamer/beamerbaserequires.sty
(/usr/share/texlive/texmf-dist/tex/latex/beamer/beamerbasecompatibility.sty)
(/usr/share/texlive/texmf-dist/tex/latex/beamer/beamerbasefont.sty
(/usr/share/texlive/texmf-dist/tex/latex/amsfonts/amssymb.sty
Package: amssymb 2013/01/14 v3.01 AMS font symbols

(/usr/share/texlive/texmf-dist/tex/latex/amsfonts/amsfonts.sty
Package: amsfonts 2013/01/14 v3.01 Basic AMSFonts support
\@emptytoks=\toks26
\symAMSa=\mathgroup4
\symAMSb=\mathgroup5
LaTeX Font Info:    Overwriting math alphabet `\mathfrak' in version `bold'
(Font)                  U/euf/m/n --> U/euf/b/n on input line 106.
))
(/usr/share/texlive/texmf-dist/tex/latex/sansmathaccent/sansmathaccent.sty
Package: sansmathaccent 2013/03/28

(/usr/share/texlive/texmf-dist/tex/latex/filehook/filehook.sty
Package: filehook 2011/10/12 v0.5d Hooks for input files
)))
(/usr/share/texlive/texmf-dist/tex/latex/beamer/beamerbasetranslator.sty
(/usr/share/texlive/texmf-dist/tex/latex/translator/translator.sty
Package: translator 2018/01/04 v1.12 Easy translation of strings in LaTeX
))
(/usr/share/texlive/texmf-dist/tex/latex/beamer/beamerbasemisc.sty)
(/usr/share/texlive/texmf-dist/tex/latex/beamer/beamerbasetwoscreens.sty)
(/usr/share/texlive/texmf-dist/tex/latex/beamer/beamerbaseoverlay.sty
\beamer@argscount=\count127
\beamer@lastskipcover=\skip44
\beamer@trivlistdepth=\count128
)
(/usr/share/texlive/texmf-dist/tex/latex/beamer/beamerbasetitle.sty)
(/usr/share/texlive/texmf-dist/tex/latex/beamer/beamerbasesection.sty
\c@lecture=\count129
\c@part=\count130
\c@section=\count131
\c@subsection=\count132
\c@subsubsection=\count133
)
(/usr/share/texlive/texmf-dist/tex/latex/beamer/beamerbaseframe.sty
\beamer@framebox=\box40
\beamer@frametitlebox=\box41
\beamer@zoombox=\box42
\beamer@zoomcount=\count134
\beamer@zoomframecount=\count135
\beamer@frametextheight=\dimen167
\c@subsectionslide=\count136
\beamer@frametopskip=\skip45
\beamer@framebottomskip=\skip46
\beamer@frametopskipautobreak=\skip47
\beamer@framebottomskipautobreak=\skip48
\beamer@envbody=\toks27
\framewidth=\dimen168
\c@framenumber=\count137
)
(/usr/share/texlive/texmf-dist/tex/latex/beamer/beamerbaseverbatim.sty
\beamer@verbatimfileout=\write4
)
(/usr/share/texlive/texmf-dist/tex/latex/beamer/beamerbaseframesize.sty
\beamer@splitbox=\box43
\beamer@autobreakcount=\count138
\beamer@autobreaklastheight=\dimen169
\beamer@frametitletoks=\toks28
\beamer@framesubtitletoks=\toks29
)
(/usr/share/texlive/texmf-dist/tex/latex/beamer/beamerbaseframecomponents.sty
\beamer@footins=\box44
)
(/usr/share/texlive/texmf-dist/tex/latex/beamer/beamerbasecolor.sty
\beamer@bg@ht=\dimen170
\beamer@bg@wd=\dimen171
\beamer@bg@dp=\dimen172
)
(/usr/share/texlive/texmf-dist/tex/latex/beamer/beamerbasenotes.sty
\beamer@frameboxcopy=\box45
)
(/usr/share/texlive/texmf-dist/tex/latex/beamer/beamerbasetoc.sty)
(/usr/share/texlive/texmf-dist/tex/latex/beamer/beamerbasetemplates.sty
\beamer@sbttoks=\toks30

(/usr/share/texlive/texmf-dist/tex/latex/beamer/beamerbaseauxtemplates.sty
(/usr/share/texlive/texmf-dist/tex/latex/beamer/beamerbaseboxes.sty
\bmb@box=\box46
\bmb@colorbox=\box47
\bmb@boxshadow=\box48
\bmb@boxshadowball=\box49
\bmb@boxshadowballlarge=\box50
\bmb@temp=\dimen173
\bmb@dima=\dimen174
\bmb@dimb=\dimen175
\bmb@prevheight=\dimen176
)
\beamer@blockheadheight=\dimen177
))
(/usr/share/texlive/texmf-dist/tex/latex/beamer/beamerbaselocalstructure.sty
(/usr/share/texlive/texmf-dist/tex/latex/tools/enumerate.sty
Package: enumerate 2015/07/23 v3.00 enumerate extensions (DPC)
\@enLab=\toks31
)
\c@figure=\count139
\c@table=\count140
\abovecaptionskip=\skip49
\belowcaptionskip=\skip50
)
(/usr/share/texlive/texmf-dist/tex/latex/beamer/beamerbasenavigation.sty
\beamer@section@min@dim=\dimen178
)
(/usr/share/texlive/texmf-dist/tex/latex/beamer/beamerbasetheorems.sty
(/usr/share/texlive/texmf-dist/tex/latex/amsmath/amsmath.sty
Package: amsmath 2017/09/02 v2.17a AMS math features
\@mathmargin=\skip51

For additional information on amsmath, use the `?' option.
(/usr/share/texlive/texmf-dist/tex/latex/amsmath/amstext.sty
Package: amstext 2000/06/29 v2.01 AMS text

(/usr/share/texlive/texmf-dist/tex/latex/amsmath/amsgen.sty
File: amsgen.sty 1999/11/30 v2.0 generic functions
\@emptytoks=\toks32
\ex@=\dimen179
))
(/usr/share/texlive/texmf-dist/tex/latex/amsmath/amsbsy.sty
Package: amsbsy 1999/11/29 v1.2d Bold Symbols
\pmbraise@=\dimen180
)
(/usr/share/texlive/texmf-dist/tex/latex/amsmath/amsopn.sty
Package: amsopn 2016/03/08 v2.02 operator names
)
\inf@bad=\count141
LaTeX Info: Redefining \frac on input line 213.
\uproot@=\count142
\leftroot@=\count143
LaTeX Info: Redefining \overline on input line 375.
\classnum@=\count144
\DOTSCASE@=\count145
LaTeX Info: Redefining \ldots on input line 472.
LaTeX Info: Redefining \dots on input line 475.
LaTeX Info: Redefining \cdots on input line 596.
\Mathstrutbox@=\box51
\strutbox@=\box52
\big@size=\dimen181
LaTeX Font Info:    Redeclaring font encoding OML on input line 712.
LaTeX Font Info:    Redeclaring font encoding OMS on input line 713.
\macc@depth=\count146
\c@MaxMatrixCols=\count147
\dotsspace@=\muskip11
\c@parentequation=\count148
\dspbrk@lvl=\count149
\tag@help=\toks33
\row@=\count150
\column@=\count151
\maxfields@=\count152
\andhelp@=\toks34
\eqnshift@=\dimen182
\alignsep@=\dimen183
\tagshift@=\dimen184
\tagwidth@=\dimen185
\totwidth@=\dimen186
\lineht@=\dimen187
\@envbody=\toks35
\multlinegap=\skip52
\multlinetaggap=\skip53
\mathdisplay@stack=\toks36
LaTeX Info: Redefining \[ on input line 2817.
LaTeX Info: Redefining \] on input line 2818.
)
(/usr/share/texlive/texmf-dist/tex/latex/amscls/amsthm.sty
Package: amsthm 2017/10/31 v2.20.4
\thm@style=\toks37
\thm@bodyfont=\toks38
\thm@headfont=\toks39
\thm@notefont=\toks40
\thm@headpunct=\toks41
\thm@preskip=\skip54
\thm@postskip=\skip55
\thm@headsep=\skip56
\dth@everypar=\toks42
)
\c@theorem=\count153
)
(/usr/share/texlive/texmf-dist/tex/latex/beamer/beamerbasethemes.sty))
(/usr/share/texlive/texmf-dist/tex/latex/beamer/beamerthemedefault.sty
(/usr/share/texlive/texmf-dist/tex/latex/beamer/beamerfontthemedefault.sty)
(/usr/share/texlive/texmf-dist/tex/latex/beamer/beamercolorthemedefault.sty)
(/usr/share/texlive/texmf-dist/tex/latex/beamer/beamerinnerthemedefault.sty
\beamer@dima=\dimen188
\beamer@dimb=\dimen189
)
(/usr/share/texlive/texmf-dist/tex/latex/beamer/beamerouterthemedefault.sty)))
(/usr/share/texlive/texmf-dist/tex/latex/beamer/beamerfontthemeserif.sty)
(./Conductor.aux)
\openout1 = `Conductor.aux'.

LaTeX Font Info:    Checking defaults for OML/cmm/m/it on input line 11.
LaTeX Font Info:    ... okay on input line 11.
LaTeX Font Info:    Checking defaults for T1/cmr/m/n on input line 11.
LaTeX Font Info:    ... okay on input line 11.
LaTeX Font Info:    Checking defaults for OT1/cmr/m/n on input line 11.
LaTeX Font Info:    ... okay on input line 11.
LaTeX Font Info:    Checking defaults for OMS/cmsy/m/n on input line 11.
LaTeX Font Info:    ... okay on input line 11.
LaTeX Font Info:    Checking defaults for OMX/cmex/m/n on input line 11.
LaTeX Font Info:    ... okay on input line 11.
LaTeX Font Info:    Checking defaults for U/cmr/m/n on input line 11.
LaTeX Font Info:    ... okay on input line 11.
LaTeX Font Info:    Checking defaults for PD1/pdf/m/n on input line 11.
LaTeX Font Info:    ... okay on input line 11.

*geometry* driver: auto-detecting
*geometry* detected driver: pdftex
*geometry* verbose mode - [ preamble ] result:
* driver: pdftex
* paper: custom
* layout: <same size as paper>
* layoutoffset:(h,v)=(0.0pt,0.0pt)
* modes: includehead includefoot 
* h-part:(L,W,R)=(28.45274pt, 307.28987pt, 28.45274pt)
* v-part:(T,H,B)=(0.0pt, 273.14662pt, 0.0pt)
* \paperwidth=364.19536pt
* \paperheight=273.14662pt
* \textwidth=307.28987pt
* \textheight=244.6939pt
* \oddsidemargin=-43.81725pt
* \evensidemargin=-43.81725pt
* \topmargin=-72.26999pt
* \headheight=14.22636pt
* \headsep=0.0pt
* \topskip=11.0pt
* \footskip=14.22636pt
* \marginparwidth=4.0pt
* \marginparsep=10.0pt
* \columnsep=10.0pt
* \skip\footins=10.0pt plus 4.0pt minus 2.0pt
* \hoffset=0.0pt
* \voffset=0.0pt
* \mag=1000
* \@twocolumnfalse
* \@twosidefalse
* \@mparswitchfalse
* \@reversemarginfalse
* (1in=72.27pt=25.4mm, 1cm=28.453pt)

(/usr/share/texlive/texmf-dist/tex/context/base/mkii/supp-pdf.mkii
[Loading MPS to PDF converter (version 2006.09.02).]
\scratchcounter=\count154
\scratchdimen=\dimen190
\scratchbox=\box53
\nofMPsegments=\count155
\nofMParguments=\count156
\everyMPshowfont=\toks43
\MPscratchCnt=\count157
\MPscratchDim=\dimen191
\MPnumerator=\count158
\makeMPintoPDFobject=\count159
\everyMPtoPDFconversion=\toks44
) (/usr/share/texlive/texmf-dist/tex/latex/oberdiek/epstopdf-base.sty
Package: epstopdf-base 2016/05/15 v2.6 Base part for package epstopdf

(/usr/share/texlive/texmf-dist/tex/latex/oberdiek/grfext.sty
Package: grfext 2016/05/16 v1.2 Manage graphics extensions (HO)
)
Package epstopdf-base Info: Redefining graphics rule for `.eps' on input line 4
38.
Package grfext Info: Graphics extension search list:
(grfext)             [.pdf,.png,.jpg,.mps,.jpeg,.jbig2,.jb2,.PDF,.PNG,.JPG,.JPE
G,.JBIG2,.JB2,.eps]
(grfext)             \AppendGraphicsExtensions on input line 456.

(/usr/share/texlive/texmf-dist/tex/latex/latexconfig/epstopdf-sys.cfg
File: epstopdf-sys.cfg 2010/07/13 v1.3 Configuration of (r)epstopdf for TeX Liv
e
))
ABD: EveryShipout initializing macros
\AtBeginShipoutBox=\box54
Package hyperref Info: Link coloring OFF on input line 11.

(/usr/share/texlive/texmf-dist/tex/latex/hyperref/nameref.sty
Package: nameref 2016/05/21 v2.44 Cross-referencing by name of section

(/usr/share/texlive/texmf-dist/tex/generic/oberdiek/gettitlestring.sty
Package: gettitlestring 2016/05/16 v1.5 Cleanup title references (HO)
)
\c@section@level=\count160
)
LaTeX Info: Redefining \ref on input line 11.
LaTeX Info: Redefining \pageref on input line 11.
LaTeX Info: Redefining \nameref on input line 11.

(./Conductor.out) (./Conductor.out)
\@outlinefile=\write5
\openout5 = `Conductor.out'.


(/usr/share/texlive/texmf-dist/tex/latex/translator/translator-basic-dictionary
-English.dict
Dictionary: translator-basic-dictionary, Language: English 
)
(/usr/share/texlive/texmf-dist/tex/latex/translator/translator-bibliography-dic
tionary-English.dict
Dictionary: translator-bibliography-dictionary, Language: English 
)
(/usr/share/texlive/texmf-dist/tex/latex/translator/translator-environment-dict
ionary-English.dict
Dictionary: translator-environment-dictionary, Language: English 
)
(/usr/share/texlive/texmf-dist/tex/latex/translator/translator-months-dictionar
y-English.dict
Dictionary: translator-months-dictionary, Language: English 
)
(/usr/share/texlive/texmf-dist/tex/latex/translator/translator-numbers-dictiona
ry-English.dict
Dictionary: translator-numbers-dictionary, Language: English 
)
(/usr/share/texlive/texmf-dist/tex/latex/translator/translator-theorem-dictiona
ry-English.dict
Dictionary: translator-theorem-dictionary, Language: English 
)
No file Conductor.nav.
[1

{/var/lib/texmf/fonts/map/pdftex/updmap/pdftex.map}]
<ConductorEigEntropy.png, id=21, 462.528pt x 346.896pt>
File: ConductorEigEntropy.png Graphic file (type png)
<use ConductorEigEntropy.png>
Package pdftex.def Info: ConductorEigEntropy.png  used on input line 22.
(pdftex.def)             Requested size: 276.559pt x 207.4299pt.
 [2

 <./ConductorEigEntropy.png>]
<ConductorPtk2.png, id=29, 462.528pt x 346.896pt>
File: ConductorPtk2.png Graphic file (type png)
<use ConductorPtk2.png>
Package pdftex.def Info: ConductorPtk2.png  used on input line 29.
(pdftex.def)             Requested size: 276.559pt x 207.4299pt.
 [3

 <./ConductorPtk2.png>]
<ConductorPtk3.png, id=36, 462.528pt x 346.896pt>
File: ConductorPtk3.png Graphic file (type png)
<use ConductorPtk3.png>
Package pdftex.def Info: ConductorPtk3.png  used on input line 36.
(pdftex.def)             Requested size: 276.559pt x 207.4299pt.
 [4

 <./ConductorPtk3.png>]
<ConductorPtk4.png, id=43, 462.528pt x 346.896pt>
File: ConductorPtk4.png Graphic file (type png)
<use ConductorPtk4.png>
Package pdftex.def Info: ConductorPtk4.png  used on input line 43.
(pdftex.def)             Requested size: 276.559pt x 207.4299pt.
 [5

 <./ConductorPtk4.png>]
<ConductorPtk5.png, id=50, 462.528pt x 346.896pt>
File: ConductorPtk5.png Graphic file (type png)
<use ConductorPtk5.png>
Package pdftex.def Info: ConductorPtk5.png  used on input line 50.
(pdftex.def)             Requested size: 276.559pt x 207.4299pt.
 [6

 <./ConductorPtk5.png>]
<ConductorPtk6.png, id=57, 462.528pt x 346.896pt>
File: ConductorPtk6.png Graphic file (type png)
<use ConductorPtk6.png>
Package pdftex.def Info: ConductorPtk6.png  used on input line 57.
(pdftex.def)             Requested size: 276.559pt x 207.4299pt.
 [7

 <./ConductorPtk6.png>]
<ConductorPtk7.png, id=65, 462.528pt x 346.896pt>
File: ConductorPtk7.png Graphic file (type png)
<use ConductorPtk7.png>
Package pdftex.def Info: ConductorPtk7.png  used on input line 64.
(pdftex.def)             Requested size: 276.559pt x 207.4299pt.
 [8

 <./ConductorPtk7.png>]
<ConductorPtk8.png, id=72, 462.528pt x 346.896pt>
File: ConductorPtk8.png Graphic file (type png)
<use ConductorPtk8.png>
Package pdftex.def Info: ConductorPtk8.png  used on input line 71.
(pdftex.def)             Requested size: 276.559pt x 207.4299pt.
 [9

 <./ConductorPtk8.png>]
<ConductorPtk9.png, id=79, 462.528pt x 346.896pt>
File: ConductorPtk9.png Graphic file (type png)
<use ConductorPtk9.png>
Package pdftex.def Info: ConductorPtk9.png  used on input line 78.
(pdftex.def)             Requested size: 276.559pt x 207.4299pt.
 [10

 <./ConductorPtk9.png>]
<ConductorPtk10.png, id=86, 462.528pt x 346.896pt>
File: ConductorPtk10.png Graphic file (type png)
<use ConductorPtk10.png>
Package pdftex.def Info: ConductorPtk10.png  used on input line 85.
(pdftex.def)             Requested size: 276.559pt x 207.4299pt.
 [11

 <./ConductorPtk10.png>]
<ConductorPtk11.png, id=93, 462.528pt x 346.896pt>
File: ConductorPtk11.png Graphic file (type png)
<use ConductorPtk11.png>
Package pdftex.def Info: ConductorPtk11.png  used on input line 92.
(pdftex.def)             Requested size: 276.559pt x 207.4299pt.
 [12

 <./ConductorPtk11.png>]
<ConductorPtk12.png, id=100, 462.528pt x 346.896pt>
File: ConductorPtk12.png Graphic file (type png)
<use ConductorPtk12.png>
Package pdftex.def Info: ConductorPtk12.png  used on input line 99.
(pdftex.def)             Requested size: 276.559pt x 207.4299pt.
 [13

 <./ConductorPtk12.png>]
<ConductorPtk13.png, id=108, 462.528pt x 346.896pt>
File: ConductorPtk13.png Graphic file (type png)
<use ConductorPtk13.png>
Package pdftex.def Info: ConductorPtk13.png  used on input line 106.
(pdftex.def)             Requested size: 276.559pt x 207.4299pt.
 [14

 <./ConductorPtk13.png>]
<ConductorPtk14.png, id=115, 462.528pt x 346.896pt>
File: ConductorPtk14.png Graphic file (type png)
<use ConductorPtk14.png>
Package pdftex.def Info: ConductorPtk14.png  used on input line 113.
(pdftex.def)             Requested size: 276.559pt x 207.4299pt.
 [15

 <./ConductorPtk14.png>]
<ConductorPtk15.png, id=122, 462.528pt x 346.896pt>
File: ConductorPtk15.png Graphic file (type png)
<use ConductorPtk15.png>
Package pdftex.def Info: ConductorPtk15.png  used on input line 120.
(pdftex.def)             Requested size: 276.559pt x 207.4299pt.
 [16

 <./ConductorPtk15.png>]
<ConductorPtk16.png, id=129, 462.528pt x 346.896pt>
File: ConductorPtk16.png Graphic file (type png)
<use ConductorPtk16.png>
Package pdftex.def Info: ConductorPtk16.png  used on input line 127.
(pdftex.def)             Requested size: 276.559pt x 207.4299pt.
 [17

 <./ConductorPtk16.png>]
<ConductorPtk17.png, id=136, 462.528pt x 346.896pt>
File: ConductorPtk17.png Graphic file (type png)
<use ConductorPtk17.png>
Package pdftex.def Info: ConductorPtk17.png  used on input line 134.
(pdftex.def)             Requested size: 276.559pt x 207.4299pt.
 [18

 <./ConductorPtk17.png>]
<ConductorPtk18.png, id=143, 462.528pt x 346.896pt>
File: ConductorPtk18.png Graphic file (type png)
<use ConductorPtk18.png>
Package pdftex.def Info: ConductorPtk18.png  used on input line 141.
(pdftex.def)             Requested size: 276.559pt x 207.4299pt.
 [19

 <./ConductorPtk18.png>]
<ConductorPtk19.png, id=151, 462.528pt x 346.896pt>
File: ConductorPtk19.png Graphic file (type png)
<use ConductorPtk19.png>
Package pdftex.def Info: ConductorPtk19.png  used on input line 148.
(pdftex.def)             Requested size: 276.559pt x 207.4299pt.

[20

 <./ConductorPtk19.png>]
<ConductorPtk20.png, id=158, 462.528pt x 346.896pt>
File: ConductorPtk20.png Graphic file (type png)
<use ConductorPtk20.png>
Package pdftex.def Info: ConductorPtk20.png  used on input line 155.
(pdftex.def)             Requested size: 276.559pt x 207.4299pt.
 [21

 <./ConductorPtk20.png>]
<ConductorPtk21.png, id=165, 462.528pt x 346.896pt>
File: ConductorPtk21.png Graphic file (type png)
<use ConductorPtk21.png>
Package pdftex.def Info: ConductorPtk21.png  used on input line 162.
(pdftex.def)             Requested size: 276.559pt x 207.4299pt.
 [22

 <./ConductorPtk21.png>]
<ConductorPtk22.png, id=172, 462.528pt x 346.896pt>
File: ConductorPtk22.png Graphic file (type png)
<use ConductorPtk22.png>
Package pdftex.def Info: ConductorPtk22.png  used on input line 169.
(pdftex.def)             Requested size: 276.559pt x 207.4299pt.
 [23

 <./ConductorPtk22.png>]
<ConductorPtk23.png, id=179, 462.528pt x 346.896pt>
File: ConductorPtk23.png Graphic file (type png)
<use ConductorPtk23.png>
Package pdftex.def Info: ConductorPtk23.png  used on input line 176.
(pdftex.def)             Requested size: 276.559pt x 207.4299pt.
 [24

 <./ConductorPtk23.png>]
<ConductorPtk24.png, id=186, 462.528pt x 346.896pt>
File: ConductorPtk24.png Graphic file (type png)
<use ConductorPtk24.png>
Package pdftex.def Info: ConductorPtk24.png  used on input line 183.
(pdftex.def)             Requested size: 276.559pt x 207.4299pt.
 [25

 <./ConductorPtk24.png>]
<ConductorPtk25.png, id=195, 462.528pt x 346.896pt>
File: ConductorPtk25.png Graphic file (type png)
<use ConductorPtk25.png>
Package pdftex.def Info: ConductorPtk25.png  used on input line 190.
(pdftex.def)             Requested size: 276.559pt x 207.4299pt.
 [26

 <./ConductorPtk25.png>]
<ConductorPtk26.png, id=202, 462.528pt x 346.896pt>
File: ConductorPtk26.png Graphic file (type png)
<use ConductorPtk26.png>
Package pdftex.def Info: ConductorPtk26.png  used on input line 197.
(pdftex.def)             Requested size: 276.559pt x 207.4299pt.
 [27

 <./ConductorPtk26.png>]
<ConductorPtk27.png, id=209, 462.528pt x 346.896pt>
File: ConductorPtk27.png Graphic file (type png)
<use ConductorPtk27.png>
Package pdftex.def Info: ConductorPtk27.png  used on input line 204.
(pdftex.def)             Requested size: 276.559pt x 207.4299pt.
 [28

 <./ConductorPtk27.png>]
<ConductorPtk28.png, id=216, 462.528pt x 346.896pt>
File: ConductorPtk28.png Graphic file (type png)
<use ConductorPtk28.png>
Package pdftex.def Info: ConductorPtk28.png  used on input line 211.
(pdftex.def)             Requested size: 276.559pt x 207.4299pt.
 [29

 <./ConductorPtk28.png>]
<ConductorPtk29.png, id=223, 462.528pt x 346.896pt>
File: ConductorPtk29.png Graphic file (type png)
<use ConductorPtk29.png>
Package pdftex.def Info: ConductorPtk29.png  used on input line 218.
(pdftex.def)             Requested size: 276.559pt x 207.4299pt.
 [30

 <./ConductorPtk29.png>]
<ConductorPtk30.png, id=230, 462.528pt x 346.896pt>
File: ConductorPtk30.png Graphic file (type png)
<use ConductorPtk30.png>
Package pdftex.def Info: ConductorPtk30.png  used on input line 225.
(pdftex.def)             Requested size: 276.559pt x 207.4299pt.
 [31

 <./ConductorPtk30.png>]
<ConductorPtk31.png, id=238, 462.528pt x 346.896pt>
File: ConductorPtk31.png Graphic file (type png)
<use ConductorPtk31.png>
Package pdftex.def Info: ConductorPtk31.png  used on input line 232.
(pdftex.def)             Requested size: 276.559pt x 207.4299pt.
 [32

 <./ConductorPtk31.png>]
<ConductorPtk32.png, id=245, 462.528pt x 346.896pt>
File: ConductorPtk32.png Graphic file (type png)
<use ConductorPtk32.png>
Package pdftex.def Info: ConductorPtk32.png  used on input line 239.
(pdftex.def)             Requested size: 276.559pt x 207.4299pt.
 [33

 <./ConductorPtk32.png>]
<ConductorPtk33.png, id=252, 462.528pt x 346.896pt>
File: ConductorPtk33.png Graphic file (type png)
<use ConductorPtk33.png>
Package pdftex.def Info: ConductorPtk33.png  used on input line 246.
(pdftex.def)             Requested size: 276.559pt x 207.4299pt.

[34

 <./ConductorPtk33.png>]
<ConductorPtk34.png, id=259, 462.528pt x 346.896pt>
File: ConductorPtk34.png Graphic file (type png)
<use ConductorPtk34.png>
Package pdftex.def Info: ConductorPtk34.png  used on input line 253.
(pdftex.def)             Requested size: 276.559pt x 207.4299pt.
 [35

 <./ConductorPtk34.png>]
<ConductorPtk35.png, id=266, 462.528pt x 346.896pt>
File: ConductorPtk35.png Graphic file (type png)
<use ConductorPtk35.png>
Package pdftex.def Info: ConductorPtk35.png  used on input line 260.
(pdftex.def)             Requested size: 276.559pt x 207.4299pt.
 [36

 <./ConductorPtk35.png>]
<ConductorPtk36.png, id=273, 462.528pt x 346.896pt>
File: ConductorPtk36.png Graphic file (type png)
<use ConductorPtk36.png>
Package pdftex.def Info: ConductorPtk36.png  used on input line 267.
(pdftex.def)             Requested size: 276.559pt x 207.4299pt.
 [37

 <./ConductorPtk36.png>]
<ConductorPtk37.png, id=281, 462.528pt x 346.896pt>
File: ConductorPtk37.png Graphic file (type png)
<use ConductorPtk37.png>
Package pdftex.def Info: ConductorPtk37.png  used on input line 274.
(pdftex.def)             Requested size: 276.559pt x 207.4299pt.
 [38

 <./ConductorPtk37.png>]
<ConductorPtk38.png, id=288, 462.528pt x 346.896pt>
File: ConductorPtk38.png Graphic file (type png)
<use ConductorPtk38.png>
Package pdftex.def Info: ConductorPtk38.png  used on input line 281.
(pdftex.def)             Requested size: 276.559pt x 207.4299pt.
 [39

 <./ConductorPtk38.png>]
<ConductorPtk39.png, id=295, 462.528pt x 346.896pt>
File: ConductorPtk39.png Graphic file (type png)
<use ConductorPtk39.png>
Package pdftex.def Info: ConductorPtk39.png  used on input line 288.
(pdftex.def)             Requested size: 276.559pt x 207.4299pt.
 [40

 <./ConductorPtk39.png>]
<ConductorPtk40.png, id=302, 462.528pt x 346.896pt>
File: ConductorPtk40.png Graphic file (type png)
<use ConductorPtk40.png>
Package pdftex.def Info: ConductorPtk40.png  used on input line 295.
(pdftex.def)             Requested size: 276.559pt x 207.4299pt.
 [41

 <./ConductorPtk40.png>]
<ConductorPtk41.png, id=309, 462.528pt x 346.896pt>
File: ConductorPtk41.png Graphic file (type png)
<use ConductorPtk41.png>
Package pdftex.def Info: ConductorPtk41.png  used on input line 302.
(pdftex.def)             Requested size: 276.559pt x 207.4299pt.
 [42

 <./ConductorPtk41.png>]
<ConductorPtk42.png, id=316, 462.528pt x 346.896pt>
File: ConductorPtk42.png Graphic file (type png)
<use ConductorPtk42.png>
Package pdftex.def Info: ConductorPtk42.png  used on input line 309.
(pdftex.def)             Requested size: 276.559pt x 207.4299pt.
 [43

 <./ConductorPtk42.png>]
<ConductorPtk43.png, id=324, 462.528pt x 346.896pt>
File: ConductorPtk43.png Graphic file (type png)
<use ConductorPtk43.png>
Package pdftex.def Info: ConductorPtk43.png  used on input line 316.
(pdftex.def)             Requested size: 276.559pt x 207.4299pt.
 [44

 <./ConductorPtk43.png>]
<ConductorPtk44.png, id=331, 462.528pt x 346.896pt>
File: ConductorPtk44.png Graphic file (type png)
<use ConductorPtk44.png>
Package pdftex.def Info: ConductorPtk44.png  used on input line 323.
(pdftex.def)             Requested size: 276.559pt x 207.4299pt.
 [45

 <./ConductorPtk44.png>]
<ConductorPtk45.png, id=338, 462.528pt x 346.896pt>
File: ConductorPtk45.png Graphic file (type png)
<use ConductorPtk45.png>
Package pdftex.def Info: ConductorPtk45.png  used on input line 330.
(pdftex.def)             Requested size: 276.559pt x 207.4299pt.
 [46

 <./ConductorPtk45.png>]
<ConductorPtk46.png, id=345, 462.528pt x 346.896pt>
File: ConductorPtk46.png Graphic file (type png)
<use ConductorPtk46.png>
Package pdftex.def Info: ConductorPtk46.png  used on input line 337.
(pdftex.def)             Requested size: 276.559pt x 207.4299pt.
 [47

 <./ConductorPtk46.png>]
<ConductorPtk47.png, id=352, 462.528pt x 346.896pt>
File: ConductorPtk47.png Graphic file (type png)
<use ConductorPtk47.png>
Package pdftex.def Info: ConductorPtk47.png  used on input line 344.
(pdftex.def)             Requested size: 276.559pt x 207.4299pt.

[48

 <./ConductorPtk47.png>]
<ConductorPtk48.png, id=359, 462.528pt x 346.896pt>
File: ConductorPtk48.png Graphic file (type png)
<use ConductorPtk48.png>
Package pdftex.def Info: ConductorPtk48.png  used on input line 351.
(pdftex.def)             Requested size: 276.559pt x 207.4299pt.
 [49

 <./ConductorPtk48.png>]
<ConductorPtk49.png, id=367, 462.528pt x 346.896pt>
File: ConductorPtk49.png Graphic file (type png)
<use ConductorPtk49.png>
Package pdftex.def Info: ConductorPtk49.png  used on input line 358.
(pdftex.def)             Requested size: 276.559pt x 207.4299pt.
 [50

 <./ConductorPtk49.png>]
<ConductorPtk50.png, id=375, 462.528pt x 346.896pt>
File: ConductorPtk50.png Graphic file (type png)
<use ConductorPtk50.png>
Package pdftex.def Info: ConductorPtk50.png  used on input line 365.
(pdftex.def)             Requested size: 276.559pt x 207.4299pt.
 [51

 <./ConductorPtk50.png>]
<ConductorPtk51.png, id=382, 462.528pt x 346.896pt>
File: ConductorPtk51.png Graphic file (type png)
<use ConductorPtk51.png>
Package pdftex.def Info: ConductorPtk51.png  used on input line 372.
(pdftex.def)             Requested size: 276.559pt x 207.4299pt.
 [52

 <./ConductorPtk51.png>]
<ConductorPtk52.png, id=389, 462.528pt x 346.896pt>
File: ConductorPtk52.png Graphic file (type png)
<use ConductorPtk52.png>
Package pdftex.def Info: ConductorPtk52.png  used on input line 379.
(pdftex.def)             Requested size: 276.559pt x 207.4299pt.
 [53

 <./ConductorPtk52.png>]
<ConductorPtk53.png, id=396, 462.528pt x 346.896pt>
File: ConductorPtk53.png Graphic file (type png)
<use ConductorPtk53.png>
Package pdftex.def Info: ConductorPtk53.png  used on input line 386.
(pdftex.def)             Requested size: 276.559pt x 207.4299pt.
 [54

 <./ConductorPtk53.png>]
<ConductorPtk54.png, id=403, 462.528pt x 346.896pt>
File: ConductorPtk54.png Graphic file (type png)
<use ConductorPtk54.png>
Package pdftex.def Info: ConductorPtk54.png  used on input line 393.
(pdftex.def)             Requested size: 276.559pt x 207.4299pt.
 [55

 <./ConductorPtk54.png>]
<ConductorPtk55.png, id=411, 462.528pt x 346.896pt>
File: ConductorPtk55.png Graphic file (type png)
<use ConductorPtk55.png>
Package pdftex.def Info: ConductorPtk55.png  used on input line 400.
(pdftex.def)             Requested size: 276.559pt x 207.4299pt.
 [56

 <./ConductorPtk55.png>]
<ConductorPtk56.png, id=418, 462.528pt x 346.896pt>
File: ConductorPtk56.png Graphic file (type png)
<use ConductorPtk56.png>
Package pdftex.def Info: ConductorPtk56.png  used on input line 407.
(pdftex.def)             Requested size: 276.559pt x 207.4299pt.
 [57

 <./ConductorPtk56.png>]
<ConductorPtk57.png, id=425, 462.528pt x 346.896pt>
File: ConductorPtk57.png Graphic file (type png)
<use ConductorPtk57.png>
Package pdftex.def Info: ConductorPtk57.png  used on input line 414.
(pdftex.def)             Requested size: 276.559pt x 207.4299pt.
 [58

 <./ConductorPtk57.png>]
<ConductorPtk58.png, id=432, 462.528pt x 346.896pt>
File: ConductorPtk58.png Graphic file (type png)
<use ConductorPtk58.png>
Package pdftex.def Info: ConductorPtk58.png  used on input line 421.
(pdftex.def)             Requested size: 276.559pt x 207.4299pt.
 [59

 <./ConductorPtk58.png>]
<ConductorPtk59.png, id=439, 462.528pt x 346.896pt>
File: ConductorPtk59.png Graphic file (type png)
<use ConductorPtk59.png>
Package pdftex.def Info: ConductorPtk59.png  used on input line 428.
(pdftex.def)             Requested size: 276.559pt x 207.4299pt.
 [60

 <./ConductorPtk59.png>]
<ConductorPtk60.png, id=446, 462.528pt x 346.896pt>
File: ConductorPtk60.png Graphic file (type png)
<use ConductorPtk60.png>
Package pdftex.def Info: ConductorPtk60.png  used on input line 435.
(pdftex.def)             Requested size: 276.559pt x 207.4299pt.
 [61

 <./ConductorPtk60.png>]
<ConductorPtk61.png, id=454, 462.528pt x 346.896pt>
File: ConductorPtk61.png Graphic file (type png)
<use ConductorPtk61.png>
Package pdftex.def Info: ConductorPtk61.png  used on input line 442.
(pdftex.def)             Requested size: 276.559pt x 207.4299pt.

[62

 <./ConductorPtk61.png>]
<ConductorPtk62.png, id=461, 462.528pt x 346.896pt>
File: ConductorPtk62.png Graphic file (type png)
<use ConductorPtk62.png>
Package pdftex.def Info: ConductorPtk62.png  used on input line 449.
(pdftex.def)             Requested size: 276.559pt x 207.4299pt.
 [63

 <./ConductorPtk62.png>]
<ConductorPtk63.png, id=468, 462.528pt x 346.896pt>
File: ConductorPtk63.png Graphic file (type png)
<use ConductorPtk63.png>
Package pdftex.def Info: ConductorPtk63.png  used on input line 456.
(pdftex.def)             Requested size: 276.559pt x 207.4299pt.
 [64

 <./ConductorPtk63.png>]
<ConductorPtk64.png, id=475, 462.528pt x 346.896pt>
File: ConductorPtk64.png Graphic file (type png)
<use ConductorPtk64.png>
Package pdftex.def Info: ConductorPtk64.png  used on input line 463.
(pdftex.def)             Requested size: 276.559pt x 207.4299pt.
 [65

 <./ConductorPtk64.png>]
<ConductorPtk65.png, id=482, 462.528pt x 346.896pt>
File: ConductorPtk65.png Graphic file (type png)
<use ConductorPtk65.png>
Package pdftex.def Info: ConductorPtk65.png  used on input line 470.
(pdftex.def)             Requested size: 276.559pt x 207.4299pt.
 [66

 <./ConductorPtk65.png>]
<ConductorPtk66.png, id=489, 462.528pt x 346.896pt>
File: ConductorPtk66.png Graphic file (type png)
<use ConductorPtk66.png>
Package pdftex.def Info: ConductorPtk66.png  used on input line 477.
(pdftex.def)             Requested size: 276.559pt x 207.4299pt.
 [67

 <./ConductorPtk66.png>]
<ConductorPtk67.png, id=497, 462.528pt x 346.896pt>
File: ConductorPtk67.png Graphic file (type png)
<use ConductorPtk67.png>
Package pdftex.def Info: ConductorPtk67.png  used on input line 484.
(pdftex.def)             Requested size: 276.559pt x 207.4299pt.
 [68

 <./ConductorPtk67.png>]
<ConductorPtk68.png, id=504, 462.528pt x 346.896pt>
File: ConductorPtk68.png Graphic file (type png)
<use ConductorPtk68.png>
Package pdftex.def Info: ConductorPtk68.png  used on input line 491.
(pdftex.def)             Requested size: 276.559pt x 207.4299pt.
 [69

 <./ConductorPtk68.png>]
<ConductorPtk69.png, id=511, 462.528pt x 346.896pt>
File: ConductorPtk69.png Graphic file (type png)
<use ConductorPtk69.png>
Package pdftex.def Info: ConductorPtk69.png  used on input line 498.
(pdftex.def)             Requested size: 276.559pt x 207.4299pt.
 [70

 <./ConductorPtk69.png>]
<ConductorPtk70.png, id=518, 462.528pt x 346.896pt>
File: ConductorPtk70.png Graphic file (type png)
<use ConductorPtk70.png>
Package pdftex.def Info: ConductorPtk70.png  used on input line 505.
(pdftex.def)             Requested size: 276.559pt x 207.4299pt.
 [71

 <./ConductorPtk70.png>]
<ConductorPtk71.png, id=525, 462.528pt x 346.896pt>
File: ConductorPtk71.png Graphic file (type png)
<use ConductorPtk71.png>
Package pdftex.def Info: ConductorPtk71.png  used on input line 512.
(pdftex.def)             Requested size: 276.559pt x 207.4299pt.
 [72

 <./ConductorPtk71.png>]
<ConductorPtk72.png, id=532, 462.528pt x 346.896pt>
File: ConductorPtk72.png Graphic file (type png)
<use ConductorPtk72.png>
Package pdftex.def Info: ConductorPtk72.png  used on input line 519.
(pdftex.def)             Requested size: 276.559pt x 207.4299pt.
 [73

 <./ConductorPtk72.png>]
<ConductorPtk73.png, id=540, 462.528pt x 346.896pt>
File: ConductorPtk73.png Graphic file (type png)
<use ConductorPtk73.png>
Package pdftex.def Info: ConductorPtk73.png  used on input line 526.
(pdftex.def)             Requested size: 276.559pt x 207.4299pt.
 [74

 <./ConductorPtk73.png>]
<ConductorPtk74.png, id=547, 462.528pt x 346.896pt>
File: ConductorPtk74.png Graphic file (type png)
<use ConductorPtk74.png>
Package pdftex.def Info: ConductorPtk74.png  used on input line 533.
(pdftex.def)             Requested size: 276.559pt x 207.4299pt.
 [75

 <./ConductorPtk74.png>]
<ConductorPtk75.png, id=555, 462.528pt x 346.896pt>
File: ConductorPtk75.png Graphic file (type png)
<use ConductorPtk75.png>
Package pdftex.def Info: ConductorPtk75.png  used on input line 540.
(pdftex.def)             Requested size: 276.559pt x 207.4299pt.

[76

 <./ConductorPtk75.png>]
<ConductorPtk76.png, id=562, 462.528pt x 346.896pt>
File: ConductorPtk76.png Graphic file (type png)
<use ConductorPtk76.png>
Package pdftex.def Info: ConductorPtk76.png  used on input line 547.
(pdftex.def)             Requested size: 276.559pt x 207.4299pt.
 [77

 <./ConductorPtk76.png>]
<ConductorPtk77.png, id=569, 462.528pt x 346.896pt>
File: ConductorPtk77.png Graphic file (type png)
<use ConductorPtk77.png>
Package pdftex.def Info: ConductorPtk77.png  used on input line 554.
(pdftex.def)             Requested size: 276.559pt x 207.4299pt.
 [78

 <./ConductorPtk77.png>]
<ConductorPtk78.png, id=576, 462.528pt x 346.896pt>
File: ConductorPtk78.png Graphic file (type png)
<use ConductorPtk78.png>
Package pdftex.def Info: ConductorPtk78.png  used on input line 561.
(pdftex.def)             Requested size: 276.559pt x 207.4299pt.
 [79

 <./ConductorPtk78.png>]
<ConductorPtk79.png, id=584, 462.528pt x 346.896pt>
File: ConductorPtk79.png Graphic file (type png)
<use ConductorPtk79.png>
Package pdftex.def Info: ConductorPtk79.png  used on input line 568.
(pdftex.def)             Requested size: 276.559pt x 207.4299pt.
 [80

 <./ConductorPtk79.png>]
<ConductorPtk80.png, id=591, 462.528pt x 346.896pt>
File: ConductorPtk80.png Graphic file (type png)
<use ConductorPtk80.png>
Package pdftex.def Info: ConductorPtk80.png  used on input line 575.
(pdftex.def)             Requested size: 276.559pt x 207.4299pt.
 [81

 <./ConductorPtk80.png>]
<ConductorPtk81.png, id=598, 462.528pt x 346.896pt>
File: ConductorPtk81.png Graphic file (type png)
<use ConductorPtk81.png>
Package pdftex.def Info: ConductorPtk81.png  used on input line 582.
(pdftex.def)             Requested size: 276.559pt x 207.4299pt.
 [82

 <./ConductorPtk81.png>]
<ConductorPtk82.png, id=605, 462.528pt x 346.896pt>
File: ConductorPtk82.png Graphic file (type png)
<use ConductorPtk82.png>
Package pdftex.def Info: ConductorPtk82.png  used on input line 589.
(pdftex.def)             Requested size: 276.559pt x 207.4299pt.
 [83

 <./ConductorPtk82.png>]
<ConductorPtk83.png, id=612, 462.528pt x 346.896pt>
File: ConductorPtk83.png Graphic file (type png)
<use ConductorPtk83.png>
Package pdftex.def Info: ConductorPtk83.png  used on input line 596.
(pdftex.def)             Requested size: 276.559pt x 207.4299pt.
 [84

 <./ConductorPtk83.png>]
<ConductorPtk84.png, id=619, 462.528pt x 346.896pt>
File: ConductorPtk84.png Graphic file (type png)
<use ConductorPtk84.png>
Package pdftex.def Info: ConductorPtk84.png  used on input line 603.
(pdftex.def)             Requested size: 276.559pt x 207.4299pt.
 [85

 <./ConductorPtk84.png>]
<ConductorPtk85.png, id=627, 462.528pt x 346.896pt>
File: ConductorPtk85.png Graphic file (type png)
<use ConductorPtk85.png>
Package pdftex.def Info: ConductorPtk85.png  used on input line 610.
(pdftex.def)             Requested size: 276.559pt x 207.4299pt.
 [86

 <./ConductorPtk85.png>]
<ConductorPtk86.png, id=634, 462.528pt x 346.896pt>
File: ConductorPtk86.png Graphic file (type png)
<use ConductorPtk86.png>
Package pdftex.def Info: ConductorPtk86.png  used on input line 617.
(pdftex.def)             Requested size: 276.559pt x 207.4299pt.
 [87

 <./ConductorPtk86.png>]
<ConductorPtk87.png, id=641, 462.528pt x 346.896pt>
File: ConductorPtk87.png Graphic file (type png)
<use ConductorPtk87.png>
Package pdftex.def Info: ConductorPtk87.png  used on input line 624.
(pdftex.def)             Requested size: 276.559pt x 207.4299pt.
 [88

 <./ConductorPtk87.png>]
<ConductorPtk88.png, id=648, 462.528pt x 346.896pt>
File: ConductorPtk88.png Graphic file (type png)
<use ConductorPtk88.png>
Package pdftex.def Info: ConductorPtk88.png  used on input line 631.
(pdftex.def)             Requested size: 276.559pt x 207.4299pt.
 [89

 <./ConductorPtk88.png>]
<ConductorPtk89.png, id=655, 462.528pt x 346.896pt>
File: ConductorPtk89.png Graphic file (type png)
<use ConductorPtk89.png>
Package pdftex.def Info: ConductorPtk89.png  used on input line 638.
(pdftex.def)             Requested size: 276.559pt x 207.4299pt.

[90

 <./ConductorPtk89.png>]
<ConductorPtk90.png, id=662, 462.528pt x 346.896pt>
File: ConductorPtk90.png Graphic file (type png)
<use ConductorPtk90.png>
Package pdftex.def Info: ConductorPtk90.png  used on input line 645.
(pdftex.def)             Requested size: 276.559pt x 207.4299pt.
 [91

 <./ConductorPtk90.png>]
<ConductorPtk91.png, id=670, 462.528pt x 346.896pt>
File: ConductorPtk91.png Graphic file (type png)
<use ConductorPtk91.png>
Package pdftex.def Info: ConductorPtk91.png  used on input line 652.
(pdftex.def)             Requested size: 276.559pt x 207.4299pt.
 [92

 <./ConductorPtk91.png>]
<ConductorPtk92.png, id=677, 462.528pt x 346.896pt>
File: ConductorPtk92.png Graphic file (type png)
<use ConductorPtk92.png>
Package pdftex.def Info: ConductorPtk92.png  used on input line 659.
(pdftex.def)             Requested size: 276.559pt x 207.4299pt.
 [93

 <./ConductorPtk92.png>]
<ConductorPtk93.png, id=684, 462.528pt x 346.896pt>
File: ConductorPtk93.png Graphic file (type png)
<use ConductorPtk93.png>
Package pdftex.def Info: ConductorPtk93.png  used on input line 666.
(pdftex.def)             Requested size: 276.559pt x 207.4299pt.
 [94

 <./ConductorPtk93.png>]
<ConductorPtk94.png, id=691, 462.528pt x 346.896pt>
File: ConductorPtk94.png Graphic file (type png)
<use ConductorPtk94.png>
Package pdftex.def Info: ConductorPtk94.png  used on input line 673.
(pdftex.def)             Requested size: 276.559pt x 207.4299pt.
 [95

 <./ConductorPtk94.png>]
<ConductorPtk95.png, id=698, 462.528pt x 346.896pt>
File: ConductorPtk95.png Graphic file (type png)
<use ConductorPtk95.png>
Package pdftex.def Info: ConductorPtk95.png  used on input line 680.
(pdftex.def)             Requested size: 276.559pt x 207.4299pt.
 [96

 <./ConductorPtk95.png>]
<ConductorPtk96.png, id=705, 462.528pt x 346.896pt>
File: ConductorPtk96.png Graphic file (type png)
<use ConductorPtk96.png>
Package pdftex.def Info: ConductorPtk96.png  used on input line 687.
(pdftex.def)             Requested size: 276.559pt x 207.4299pt.
 [97

 <./ConductorPtk96.png>]
<ConductorPtk97.png, id=713, 462.528pt x 346.896pt>
File: ConductorPtk97.png Graphic file (type png)
<use ConductorPtk97.png>
Package pdftex.def Info: ConductorPtk97.png  used on input line 694.
(pdftex.def)             Requested size: 276.559pt x 207.4299pt.
 [98

 <./ConductorPtk97.png>]
<ConductorPtk98.png, id=720, 462.528pt x 346.896pt>
File: ConductorPtk98.png Graphic file (type png)
<use ConductorPtk98.png>
Package pdftex.def Info: ConductorPtk98.png  used on input line 701.
(pdftex.def)             Requested size: 276.559pt x 207.4299pt.
 [99

 <./ConductorPtk98.png>]
<ConductorPtk99.png, id=727, 462.528pt x 346.896pt>
File: ConductorPtk99.png Graphic file (type png)
<use ConductorPtk99.png>
Package pdftex.def Info: ConductorPtk99.png  used on input line 708.
(pdftex.def)             Requested size: 276.559pt x 207.4299pt.
 [100

 <./ConductorPtk99.png>]
\tf@nav=\write6
\openout6 = `Conductor.nav'.

\tf@toc=\write7
\openout7 = `Conductor.toc'.

\tf@snm=\write8
\openout8 = `Conductor.snm'.

Package atveryend Info: Empty hook `BeforeClearDocument' on input line 709.
Package atveryend Info: Empty hook `AfterLastShipout' on input line 709.

(./Conductor.aux)
Package atveryend Info: Executing hook `AtVeryEndDocument' on input line 709.
Package atveryend Info: Executing hook `AtEndAfterFileList' on input line 709.
Package rerunfilecheck Info: File `Conductor.out' has not changed.
(rerunfilecheck)             Checksum: D41D8CD98F00B204E9800998ECF8427E;0.
 ) 
Here is how much of TeX's memory you used:
 17379 strings out of 492982
 328721 string characters out of 6134896
 387185 words of memory out of 5000000
 20294 multiletter control sequences out of 15000+600000
 5731 words of font info for 21 fonts, out of 8000000 for 9000
 1141 hyphenation exceptions out of 8191
 56i,11n,55p,816b,371s stack positions out of 5000i,500n,10000p,200000b,80000s
</usr/share/texlive/texmf-dist/fonts/type1/public/amsfonts/cm/cmbx12.pfb></us
r/share/texlive/texmf-dist/fonts/type1/public/amsfonts/cm/cmr10.pfb>
Output written on Conductor.pdf (100 pages, 1395160 bytes).
PDF statistics:
 789 PDF objects out of 1000 (max. 8388607)
 476 compressed objects within 5 object streams
 201 named destinations out of 1000 (max. 500000)
 538 words of extra memory for PDF output out of 10000 (max. 10000000)

