This is pdfTeX, Version 3.14159265-2.6-1.40.18 (TeX Live 2017/Debian) (preloaded format=pdflatex 2019.1.29)  21 JUN 2019 13:39
entering extended mode
 restricted \write18 enabled.
 %&-line parsing enabled.
**InteriorVegetation.tex
(./InteriorVegetation.tex
LaTeX2e <2017-04-15>
Babel <3.18> and hyphenation patterns for 84 language(s) loaded.
(/usr/share/texlive/texmf-dist/tex/latex/beamer/beamer.cls
Document Class: beamer 2018/02/20 v3.50 A class for typesetting presentations
(/usr/share/texlive/texmf-dist/tex/latex/beamer/beamerbasemodes.sty
(/usr/share/texlive/texmf-dist/tex/latex/etoolbox/etoolbox.sty
Package: etoolbox 2018/02/11 v2.5e e-TeX tools for LaTeX (JAW)
\etb@tempcnta=\count79
)
\beamer@tempbox=\box26
\beamer@tempcount=\count80
\c@beamerpauses=\count81

(/usr/share/texlive/texmf-dist/tex/latex/beamer/beamerbasedecode.sty
\beamer@slideinframe=\count82
\beamer@minimum=\count83
)
\beamer@commentbox=\box27
\beamer@modecount=\count84
)
(/usr/share/texlive/texmf-dist/tex/generic/oberdiek/ifpdf.sty
Package: ifpdf 2017/03/15 v3.2 Provides the ifpdf switch
)
\headdp=\dimen102
\footheight=\dimen103
\sidebarheight=\dimen104
\beamer@tempdim=\dimen105
\beamer@finalheight=\dimen106
\beamer@animht=\dimen107
\beamer@animdp=\dimen108
\beamer@animwd=\dimen109
\beamer@leftmargin=\dimen110
\beamer@rightmargin=\dimen111
\beamer@leftsidebar=\dimen112
\beamer@rightsidebar=\dimen113
\beamer@boxsize=\dimen114
\beamer@vboxoffset=\dimen115
\beamer@descdefault=\dimen116
\beamer@descriptionwidth=\dimen117
\beamer@lastskip=\skip41
\beamer@areabox=\box28
\beamer@animcurrent=\box29
\beamer@animshowbox=\box30
\beamer@sectionbox=\box31
\beamer@logobox=\box32
\beamer@linebox=\box33
\beamer@sectioncount=\count85
\beamer@subsubsectionmax=\count86
\beamer@subsectionmax=\count87
\beamer@sectionmax=\count88
\beamer@totalheads=\count89
\beamer@headcounter=\count90
\beamer@partstartpage=\count91
\beamer@sectionstartpage=\count92
\beamer@subsectionstartpage=\count93
\beamer@animationtempa=\count94
\beamer@animationtempb=\count95
\beamer@xpos=\count96
\beamer@ypos=\count97
\beamer@ypos@offset=\count98
\beamer@showpartnumber=\count99
\beamer@currentsubsection=\count100
\beamer@coveringdepth=\count101
\beamer@sectionadjust=\count102
\beamer@tocsectionnumber=\count103

(/usr/share/texlive/texmf-dist/tex/latex/beamer/beamerbaseoptions.sty
(/usr/share/texlive/texmf-dist/tex/latex/graphics/keyval.sty
Package: keyval 2014/10/28 v1.15 key=value parser (DPC)
\KV@toks@=\toks14
))
\beamer@paperwidth=\skip42
\beamer@paperheight=\skip43

(/usr/share/texlive/texmf-dist/tex/latex/geometry/geometry.sty
Package: geometry 2010/09/12 v5.6 Page Geometry

(/usr/share/texlive/texmf-dist/tex/generic/oberdiek/ifvtex.sty
Package: ifvtex 2016/05/16 v1.6 Detect VTeX and its facilities (HO)
Package ifvtex Info: VTeX not detected.
)
(/usr/share/texlive/texmf-dist/tex/generic/ifxetex/ifxetex.sty
Package: ifxetex 2010/09/12 v0.6 Provides ifxetex conditional
)
\Gm@cnth=\count104
\Gm@cntv=\count105
\c@Gm@tempcnt=\count106
\Gm@bindingoffset=\dimen118
\Gm@wd@mp=\dimen119
\Gm@odd@mp=\dimen120
\Gm@even@mp=\dimen121
\Gm@layoutwidth=\dimen122
\Gm@layoutheight=\dimen123
\Gm@layouthoffset=\dimen124
\Gm@layoutvoffset=\dimen125
\Gm@dimlist=\toks15
)
(/usr/share/texlive/texmf-dist/tex/latex/base/size11.clo
File: size11.clo 2014/09/29 v1.4h Standard LaTeX file (size option)
)
(/usr/share/texlive/texmf-dist/tex/latex/pgf/basiclayer/pgfcore.sty
(/usr/share/texlive/texmf-dist/tex/latex/graphics/graphicx.sty
Package: graphicx 2017/06/01 v1.1a Enhanced LaTeX Graphics (DPC,SPQR)

(/usr/share/texlive/texmf-dist/tex/latex/graphics/graphics.sty
Package: graphics 2017/06/25 v1.2c Standard LaTeX Graphics (DPC,SPQR)

(/usr/share/texlive/texmf-dist/tex/latex/graphics/trig.sty
Package: trig 2016/01/03 v1.10 sin cos tan (DPC)
)
(/usr/share/texlive/texmf-dist/tex/latex/graphics-cfg/graphics.cfg
File: graphics.cfg 2016/06/04 v1.11 sample graphics configuration
)
Package graphics Info: Driver file: pdftex.def on input line 99.

(/usr/share/texlive/texmf-dist/tex/latex/graphics-def/pdftex.def
File: pdftex.def 2018/01/08 v1.0l Graphics/color driver for pdftex
))
\Gin@req@height=\dimen126
\Gin@req@width=\dimen127
)
(/usr/share/texlive/texmf-dist/tex/latex/pgf/systemlayer/pgfsys.sty
(/usr/share/texlive/texmf-dist/tex/latex/pgf/utilities/pgfrcs.sty
(/usr/share/texlive/texmf-dist/tex/generic/pgf/utilities/pgfutil-common.tex
\pgfutil@everybye=\toks16
\pgfutil@tempdima=\dimen128
\pgfutil@tempdimb=\dimen129

(/usr/share/texlive/texmf-dist/tex/generic/pgf/utilities/pgfutil-common-lists.t
ex)) (/usr/share/texlive/texmf-dist/tex/generic/pgf/utilities/pgfutil-latex.def
\pgfutil@abb=\box34
(/usr/share/texlive/texmf-dist/tex/latex/ms/everyshi.sty
Package: everyshi 2001/05/15 v3.00 EveryShipout Package (MS)
))
(/usr/share/texlive/texmf-dist/tex/generic/pgf/utilities/pgfrcs.code.tex
Package: pgfrcs 2015/08/07 v3.0.1a (rcs-revision 1.31)
))
(/usr/share/texlive/texmf-dist/tex/generic/pgf/systemlayer/pgfsys.code.tex
Package: pgfsys 2014/07/09 v3.0.1a (rcs-revision 1.48)

(/usr/share/texlive/texmf-dist/tex/generic/pgf/utilities/pgfkeys.code.tex
\pgfkeys@pathtoks=\toks17
\pgfkeys@temptoks=\toks18

(/usr/share/texlive/texmf-dist/tex/generic/pgf/utilities/pgfkeysfiltered.code.t
ex
\pgfkeys@tmptoks=\toks19
))
\pgf@x=\dimen130
\pgf@y=\dimen131
\pgf@xa=\dimen132
\pgf@ya=\dimen133
\pgf@xb=\dimen134
\pgf@yb=\dimen135
\pgf@xc=\dimen136
\pgf@yc=\dimen137
\w@pgf@writea=\write3
\r@pgf@reada=\read1
\c@pgf@counta=\count107
\c@pgf@countb=\count108
\c@pgf@countc=\count109
\c@pgf@countd=\count110
\t@pgf@toka=\toks20
\t@pgf@tokb=\toks21
\t@pgf@tokc=\toks22
 (/usr/share/texlive/texmf-dist/tex/generic/pgf/systemlayer/pgf.cfg
File: pgf.cfg 2008/05/14  (rcs-revision 1.7)
)
Driver file for pgf: pgfsys-pdftex.def

(/usr/share/texlive/texmf-dist/tex/generic/pgf/systemlayer/pgfsys-pdftex.def
File: pgfsys-pdftex.def 2014/10/11  (rcs-revision 1.35)

(/usr/share/texlive/texmf-dist/tex/generic/pgf/systemlayer/pgfsys-common-pdf.de
f
File: pgfsys-common-pdf.def 2013/10/10  (rcs-revision 1.13)
)))
(/usr/share/texlive/texmf-dist/tex/generic/pgf/systemlayer/pgfsyssoftpath.code.
tex
File: pgfsyssoftpath.code.tex 2013/09/09  (rcs-revision 1.9)
\pgfsyssoftpath@smallbuffer@items=\count111
\pgfsyssoftpath@bigbuffer@items=\count112
)
(/usr/share/texlive/texmf-dist/tex/generic/pgf/systemlayer/pgfsysprotocol.code.
tex
File: pgfsysprotocol.code.tex 2006/10/16  (rcs-revision 1.4)
)) (/usr/share/texlive/texmf-dist/tex/latex/xcolor/xcolor.sty
Package: xcolor 2016/05/11 v2.12 LaTeX color extensions (UK)

(/usr/share/texlive/texmf-dist/tex/latex/graphics-cfg/color.cfg
File: color.cfg 2016/01/02 v1.6 sample color configuration
)
Package xcolor Info: Driver file: pdftex.def on input line 225.
Package xcolor Info: Model `cmy' substituted by `cmy0' on input line 1348.
Package xcolor Info: Model `hsb' substituted by `rgb' on input line 1352.
Package xcolor Info: Model `RGB' extended on input line 1364.
Package xcolor Info: Model `HTML' substituted by `rgb' on input line 1366.
Package xcolor Info: Model `Hsb' substituted by `hsb' on input line 1367.
Package xcolor Info: Model `tHsb' substituted by `hsb' on input line 1368.
Package xcolor Info: Model `HSB' substituted by `hsb' on input line 1369.
Package xcolor Info: Model `Gray' substituted by `gray' on input line 1370.
Package xcolor Info: Model `wave' substituted by `hsb' on input line 1371.
)
(/usr/share/texlive/texmf-dist/tex/generic/pgf/basiclayer/pgfcore.code.tex
Package: pgfcore 2010/04/11 v3.0.1a (rcs-revision 1.7)

(/usr/share/texlive/texmf-dist/tex/generic/pgf/math/pgfmath.code.tex
(/usr/share/texlive/texmf-dist/tex/generic/pgf/math/pgfmathcalc.code.tex
(/usr/share/texlive/texmf-dist/tex/generic/pgf/math/pgfmathutil.code.tex)
(/usr/share/texlive/texmf-dist/tex/generic/pgf/math/pgfmathparser.code.tex
\pgfmath@dimen=\dimen138
\pgfmath@count=\count113
\pgfmath@box=\box35
\pgfmath@toks=\toks23
\pgfmath@stack@operand=\toks24
\pgfmath@stack@operation=\toks25
)
(/usr/share/texlive/texmf-dist/tex/generic/pgf/math/pgfmathfunctions.code.tex
(/usr/share/texlive/texmf-dist/tex/generic/pgf/math/pgfmathfunctions.basic.code
.tex)
(/usr/share/texlive/texmf-dist/tex/generic/pgf/math/pgfmathfunctions.trigonomet
ric.code.tex)
(/usr/share/texlive/texmf-dist/tex/generic/pgf/math/pgfmathfunctions.random.cod
e.tex)
(/usr/share/texlive/texmf-dist/tex/generic/pgf/math/pgfmathfunctions.comparison
.code.tex)
(/usr/share/texlive/texmf-dist/tex/generic/pgf/math/pgfmathfunctions.base.code.
tex)
(/usr/share/texlive/texmf-dist/tex/generic/pgf/math/pgfmathfunctions.round.code
.tex)
(/usr/share/texlive/texmf-dist/tex/generic/pgf/math/pgfmathfunctions.misc.code.
tex)
(/usr/share/texlive/texmf-dist/tex/generic/pgf/math/pgfmathfunctions.integerari
thmetics.code.tex)))
(/usr/share/texlive/texmf-dist/tex/generic/pgf/math/pgfmathfloat.code.tex
\c@pgfmathroundto@lastzeros=\count114
))
(/usr/share/texlive/texmf-dist/tex/generic/pgf/basiclayer/pgfcorepoints.code.te
x
File: pgfcorepoints.code.tex 2013/10/07  (rcs-revision 1.27)
\pgf@picminx=\dimen139
\pgf@picmaxx=\dimen140
\pgf@picminy=\dimen141
\pgf@picmaxy=\dimen142
\pgf@pathminx=\dimen143
\pgf@pathmaxx=\dimen144
\pgf@pathminy=\dimen145
\pgf@pathmaxy=\dimen146
\pgf@xx=\dimen147
\pgf@xy=\dimen148
\pgf@yx=\dimen149
\pgf@yy=\dimen150
\pgf@zx=\dimen151
\pgf@zy=\dimen152
)
(/usr/share/texlive/texmf-dist/tex/generic/pgf/basiclayer/pgfcorepathconstruct.
code.tex
File: pgfcorepathconstruct.code.tex 2013/10/07  (rcs-revision 1.29)
\pgf@path@lastx=\dimen153
\pgf@path@lasty=\dimen154
)
(/usr/share/texlive/texmf-dist/tex/generic/pgf/basiclayer/pgfcorepathusage.code
.tex
File: pgfcorepathusage.code.tex 2014/11/02  (rcs-revision 1.24)
\pgf@shorten@end@additional=\dimen155
\pgf@shorten@start@additional=\dimen156
)
(/usr/share/texlive/texmf-dist/tex/generic/pgf/basiclayer/pgfcorescopes.code.te
x
File: pgfcorescopes.code.tex 2015/05/08  (rcs-revision 1.46)
\pgfpic=\box36
\pgf@hbox=\box37
\pgf@layerbox@main=\box38
\pgf@picture@serial@count=\count115
)
(/usr/share/texlive/texmf-dist/tex/generic/pgf/basiclayer/pgfcoregraphicstate.c
ode.tex
File: pgfcoregraphicstate.code.tex 2014/11/02  (rcs-revision 1.12)
\pgflinewidth=\dimen157
)
(/usr/share/texlive/texmf-dist/tex/generic/pgf/basiclayer/pgfcoretransformation
s.code.tex
File: pgfcoretransformations.code.tex 2015/08/07  (rcs-revision 1.20)
\pgf@pt@x=\dimen158
\pgf@pt@y=\dimen159
\pgf@pt@temp=\dimen160
)
(/usr/share/texlive/texmf-dist/tex/generic/pgf/basiclayer/pgfcorequick.code.tex
File: pgfcorequick.code.tex 2008/10/09  (rcs-revision 1.3)
)
(/usr/share/texlive/texmf-dist/tex/generic/pgf/basiclayer/pgfcoreobjects.code.t
ex
File: pgfcoreobjects.code.tex 2006/10/11  (rcs-revision 1.2)
)
(/usr/share/texlive/texmf-dist/tex/generic/pgf/basiclayer/pgfcorepathprocessing
.code.tex
File: pgfcorepathprocessing.code.tex 2013/09/09  (rcs-revision 1.9)
)
(/usr/share/texlive/texmf-dist/tex/generic/pgf/basiclayer/pgfcorearrows.code.te
x
File: pgfcorearrows.code.tex 2015/05/14  (rcs-revision 1.43)
\pgfarrowsep=\dimen161
)
(/usr/share/texlive/texmf-dist/tex/generic/pgf/basiclayer/pgfcoreshade.code.tex
File: pgfcoreshade.code.tex 2013/07/15  (rcs-revision 1.15)
\pgf@max=\dimen162
\pgf@sys@shading@range@num=\count116
)
(/usr/share/texlive/texmf-dist/tex/generic/pgf/basiclayer/pgfcoreimage.code.tex
File: pgfcoreimage.code.tex 2013/07/15  (rcs-revision 1.18)

(/usr/share/texlive/texmf-dist/tex/generic/pgf/basiclayer/pgfcoreexternal.code.
tex
File: pgfcoreexternal.code.tex 2014/07/09  (rcs-revision 1.21)
\pgfexternal@startupbox=\box39
))
(/usr/share/texlive/texmf-dist/tex/generic/pgf/basiclayer/pgfcorelayers.code.te
x
File: pgfcorelayers.code.tex 2013/07/18  (rcs-revision 1.7)
)
(/usr/share/texlive/texmf-dist/tex/generic/pgf/basiclayer/pgfcoretransparency.c
ode.tex
File: pgfcoretransparency.code.tex 2013/09/30  (rcs-revision 1.5)
)
(/usr/share/texlive/texmf-dist/tex/generic/pgf/basiclayer/pgfcorepatterns.code.
tex
File: pgfcorepatterns.code.tex 2013/11/07  (rcs-revision 1.5)
))) (/usr/share/texlive/texmf-dist/tex/latex/pgf/utilities/xxcolor.sty
Package: xxcolor 2003/10/24 ver 0.1
\XC@nummixins=\count117
\XC@countmixins=\count118
)
(/usr/share/texlive/texmf-dist/tex/generic/oberdiek/atbegshi.sty
Package: atbegshi 2016/06/09 v1.18 At begin shipout hook (HO)

(/usr/share/texlive/texmf-dist/tex/generic/oberdiek/infwarerr.sty
Package: infwarerr 2016/05/16 v1.4 Providing info/warning/error messages (HO)
)
(/usr/share/texlive/texmf-dist/tex/generic/oberdiek/ltxcmds.sty
Package: ltxcmds 2016/05/16 v1.23 LaTeX kernel commands for general use (HO)
))
(/usr/share/texlive/texmf-dist/tex/latex/hyperref/hyperref.sty
Package: hyperref 2018/02/06 v6.86b Hypertext links for LaTeX

(/usr/share/texlive/texmf-dist/tex/generic/oberdiek/hobsub-hyperref.sty
Package: hobsub-hyperref 2016/05/16 v1.14 Bundle oberdiek, subset hyperref (HO)


(/usr/share/texlive/texmf-dist/tex/generic/oberdiek/hobsub-generic.sty
Package: hobsub-generic 2016/05/16 v1.14 Bundle oberdiek, subset generic (HO)
Package: hobsub 2016/05/16 v1.14 Construct package bundles (HO)
Package hobsub Info: Skipping package `infwarerr' (already loaded).
Package hobsub Info: Skipping package `ltxcmds' (already loaded).
Package: ifluatex 2016/05/16 v1.4 Provides the ifluatex switch (HO)
Package ifluatex Info: LuaTeX not detected.
Package hobsub Info: Skipping package `ifvtex' (already loaded).
Package: intcalc 2016/05/16 v1.2 Expandable calculations with integers (HO)
Package hobsub Info: Skipping package `ifpdf' (already loaded).
Package: etexcmds 2016/05/16 v1.6 Avoid name clashes with e-TeX commands (HO)
Package etexcmds Info: Could not find \expanded.
(etexcmds)             That can mean that you are not using pdfTeX 1.50 or
(etexcmds)             that some package has redefined \expanded.
(etexcmds)             In the latter case, load this package earlier.
Package: kvsetkeys 2016/05/16 v1.17 Key value parser (HO)
Package: kvdefinekeys 2016/05/16 v1.4 Define keys (HO)
Package: pdftexcmds 2018/01/21 v0.26 Utility functions of pdfTeX for LuaTeX (HO
)
Package pdftexcmds Info: LuaTeX not detected.
Package pdftexcmds Info: \pdf@primitive is available.
Package pdftexcmds Info: \pdf@ifprimitive is available.
Package pdftexcmds Info: \pdfdraftmode found.
Package: pdfescape 2016/05/16 v1.14 Implements pdfTeX's escape features (HO)
Package: bigintcalc 2016/05/16 v1.4 Expandable calculations on big integers (HO
)
Package: bitset 2016/05/16 v1.2 Handle bit-vector datatype (HO)
Package: uniquecounter 2016/05/16 v1.3 Provide unlimited unique counter (HO)
)
Package hobsub Info: Skipping package `hobsub' (already loaded).
Package: letltxmacro 2016/05/16 v1.5 Let assignment for LaTeX macros (HO)
Package: hopatch 2016/05/16 v1.3 Wrapper for package hooks (HO)
Package: xcolor-patch 2016/05/16 xcolor patch
Package: atveryend 2016/05/16 v1.9 Hooks at the very end of document (HO)
Package hobsub Info: Skipping package `atbegshi' (already loaded).
Package: refcount 2016/05/16 v3.5 Data extraction from label references (HO)
Package: hycolor 2016/05/16 v1.8 Color options for hyperref/bookmark (HO)
)
(/usr/share/texlive/texmf-dist/tex/latex/oberdiek/auxhook.sty
Package: auxhook 2016/05/16 v1.4 Hooks for auxiliary files (HO)
)
(/usr/share/texlive/texmf-dist/tex/latex/oberdiek/kvoptions.sty
Package: kvoptions 2016/05/16 v3.12 Key value format for package options (HO)
)
\@linkdim=\dimen163
\Hy@linkcounter=\count119
\Hy@pagecounter=\count120

(/usr/share/texlive/texmf-dist/tex/latex/hyperref/pd1enc.def
File: pd1enc.def 2018/02/06 v6.86b Hyperref: PDFDocEncoding definition (HO)
)
\Hy@SavedSpaceFactor=\count121

(/usr/share/texlive/texmf-dist/tex/latex/latexconfig/hyperref.cfg
File: hyperref.cfg 2002/06/06 v1.2 hyperref configuration of TeXLive
)
Package hyperref Info: Option `bookmarks' set `true' on input line 4383.
Package hyperref Info: Option `bookmarksopen' set `true' on input line 4383.
Package hyperref Info: Option `implicit' set `false' on input line 4383.
Package hyperref Info: Hyper figures OFF on input line 4509.
Package hyperref Info: Link nesting OFF on input line 4514.
Package hyperref Info: Hyper index ON on input line 4517.
Package hyperref Info: Plain pages OFF on input line 4524.
Package hyperref Info: Backreferencing OFF on input line 4529.
Package hyperref Info: Implicit mode OFF; no redefinition of LaTeX internals.
Package hyperref Info: Bookmarks ON on input line 4762.
\c@Hy@tempcnt=\count122

(/usr/share/texlive/texmf-dist/tex/latex/url/url.sty
\Urlmuskip=\muskip10
Package: url 2013/09/16  ver 3.4  Verb mode for urls, etc.
)
LaTeX Info: Redefining \url on input line 5115.
\XeTeXLinkMargin=\dimen164
\Fld@menulength=\count123
\Field@Width=\dimen165
\Fld@charsize=\dimen166
Package hyperref Info: Hyper figures OFF on input line 6369.
Package hyperref Info: Link nesting OFF on input line 6374.
Package hyperref Info: Hyper index ON on input line 6377.
Package hyperref Info: backreferencing OFF on input line 6384.
Package hyperref Info: Link coloring OFF on input line 6389.
Package hyperref Info: Link coloring with OCG OFF on input line 6394.
Package hyperref Info: PDF/A mode OFF on input line 6399.
LaTeX Info: Redefining \ref on input line 6439.
LaTeX Info: Redefining \pageref on input line 6443.
\Hy@abspage=\count124


Package hyperref Message: Stopped early.

)
Package hyperref Info: Driver (autodetected): hpdftex.
 (/usr/share/texlive/texmf-dist/tex/latex/hyperref/hpdftex.def
File: hpdftex.def 2018/02/06 v6.86b Hyperref driver for pdfTeX
\Fld@listcount=\count125
\c@bookmark@seq@number=\count126

(/usr/share/texlive/texmf-dist/tex/latex/oberdiek/rerunfilecheck.sty
Package: rerunfilecheck 2016/05/16 v1.8 Rerun checks for auxiliary files (HO)
Package uniquecounter Info: New unique counter `rerunfilecheck' on input line 2
82.
))
(/usr/share/texlive/texmf-dist/tex/latex/beamer/beamerbaserequires.sty
(/usr/share/texlive/texmf-dist/tex/latex/beamer/beamerbasecompatibility.sty)
(/usr/share/texlive/texmf-dist/tex/latex/beamer/beamerbasefont.sty
(/usr/share/texlive/texmf-dist/tex/latex/amsfonts/amssymb.sty
Package: amssymb 2013/01/14 v3.01 AMS font symbols

(/usr/share/texlive/texmf-dist/tex/latex/amsfonts/amsfonts.sty
Package: amsfonts 2013/01/14 v3.01 Basic AMSFonts support
\@emptytoks=\toks26
\symAMSa=\mathgroup4
\symAMSb=\mathgroup5
LaTeX Font Info:    Overwriting math alphabet `\mathfrak' in version `bold'
(Font)                  U/euf/m/n --> U/euf/b/n on input line 106.
))
(/usr/share/texlive/texmf-dist/tex/latex/sansmathaccent/sansmathaccent.sty
Package: sansmathaccent 2013/03/28

(/usr/share/texlive/texmf-dist/tex/latex/filehook/filehook.sty
Package: filehook 2011/10/12 v0.5d Hooks for input files
)))
(/usr/share/texlive/texmf-dist/tex/latex/beamer/beamerbasetranslator.sty
(/usr/share/texlive/texmf-dist/tex/latex/translator/translator.sty
Package: translator 2018/01/04 v1.12 Easy translation of strings in LaTeX
))
(/usr/share/texlive/texmf-dist/tex/latex/beamer/beamerbasemisc.sty)
(/usr/share/texlive/texmf-dist/tex/latex/beamer/beamerbasetwoscreens.sty)
(/usr/share/texlive/texmf-dist/tex/latex/beamer/beamerbaseoverlay.sty
\beamer@argscount=\count127
\beamer@lastskipcover=\skip44
\beamer@trivlistdepth=\count128
)
(/usr/share/texlive/texmf-dist/tex/latex/beamer/beamerbasetitle.sty)
(/usr/share/texlive/texmf-dist/tex/latex/beamer/beamerbasesection.sty
\c@lecture=\count129
\c@part=\count130
\c@section=\count131
\c@subsection=\count132
\c@subsubsection=\count133
)
(/usr/share/texlive/texmf-dist/tex/latex/beamer/beamerbaseframe.sty
\beamer@framebox=\box40
\beamer@frametitlebox=\box41
\beamer@zoombox=\box42
\beamer@zoomcount=\count134
\beamer@zoomframecount=\count135
\beamer@frametextheight=\dimen167
\c@subsectionslide=\count136
\beamer@frametopskip=\skip45
\beamer@framebottomskip=\skip46
\beamer@frametopskipautobreak=\skip47
\beamer@framebottomskipautobreak=\skip48
\beamer@envbody=\toks27
\framewidth=\dimen168
\c@framenumber=\count137
)
(/usr/share/texlive/texmf-dist/tex/latex/beamer/beamerbaseverbatim.sty
\beamer@verbatimfileout=\write4
)
(/usr/share/texlive/texmf-dist/tex/latex/beamer/beamerbaseframesize.sty
\beamer@splitbox=\box43
\beamer@autobreakcount=\count138
\beamer@autobreaklastheight=\dimen169
\beamer@frametitletoks=\toks28
\beamer@framesubtitletoks=\toks29
)
(/usr/share/texlive/texmf-dist/tex/latex/beamer/beamerbaseframecomponents.sty
\beamer@footins=\box44
)
(/usr/share/texlive/texmf-dist/tex/latex/beamer/beamerbasecolor.sty
\beamer@bg@ht=\dimen170
\beamer@bg@wd=\dimen171
\beamer@bg@dp=\dimen172
)
(/usr/share/texlive/texmf-dist/tex/latex/beamer/beamerbasenotes.sty
\beamer@frameboxcopy=\box45
)
(/usr/share/texlive/texmf-dist/tex/latex/beamer/beamerbasetoc.sty)
(/usr/share/texlive/texmf-dist/tex/latex/beamer/beamerbasetemplates.sty
\beamer@sbttoks=\toks30

(/usr/share/texlive/texmf-dist/tex/latex/beamer/beamerbaseauxtemplates.sty
(/usr/share/texlive/texmf-dist/tex/latex/beamer/beamerbaseboxes.sty
\bmb@box=\box46
\bmb@colorbox=\box47
\bmb@boxshadow=\box48
\bmb@boxshadowball=\box49
\bmb@boxshadowballlarge=\box50
\bmb@temp=\dimen173
\bmb@dima=\dimen174
\bmb@dimb=\dimen175
\bmb@prevheight=\dimen176
)
\beamer@blockheadheight=\dimen177
))
(/usr/share/texlive/texmf-dist/tex/latex/beamer/beamerbaselocalstructure.sty
(/usr/share/texlive/texmf-dist/tex/latex/tools/enumerate.sty
Package: enumerate 2015/07/23 v3.00 enumerate extensions (DPC)
\@enLab=\toks31
)
\c@figure=\count139
\c@table=\count140
\abovecaptionskip=\skip49
\belowcaptionskip=\skip50
)
(/usr/share/texlive/texmf-dist/tex/latex/beamer/beamerbasenavigation.sty
\beamer@section@min@dim=\dimen178
)
(/usr/share/texlive/texmf-dist/tex/latex/beamer/beamerbasetheorems.sty
(/usr/share/texlive/texmf-dist/tex/latex/amsmath/amsmath.sty
Package: amsmath 2017/09/02 v2.17a AMS math features
\@mathmargin=\skip51

For additional information on amsmath, use the `?' option.
(/usr/share/texlive/texmf-dist/tex/latex/amsmath/amstext.sty
Package: amstext 2000/06/29 v2.01 AMS text

(/usr/share/texlive/texmf-dist/tex/latex/amsmath/amsgen.sty
File: amsgen.sty 1999/11/30 v2.0 generic functions
\@emptytoks=\toks32
\ex@=\dimen179
))
(/usr/share/texlive/texmf-dist/tex/latex/amsmath/amsbsy.sty
Package: amsbsy 1999/11/29 v1.2d Bold Symbols
\pmbraise@=\dimen180
)
(/usr/share/texlive/texmf-dist/tex/latex/amsmath/amsopn.sty
Package: amsopn 2016/03/08 v2.02 operator names
)
\inf@bad=\count141
LaTeX Info: Redefining \frac on input line 213.
\uproot@=\count142
\leftroot@=\count143
LaTeX Info: Redefining \overline on input line 375.
\classnum@=\count144
\DOTSCASE@=\count145
LaTeX Info: Redefining \ldots on input line 472.
LaTeX Info: Redefining \dots on input line 475.
LaTeX Info: Redefining \cdots on input line 596.
\Mathstrutbox@=\box51
\strutbox@=\box52
\big@size=\dimen181
LaTeX Font Info:    Redeclaring font encoding OML on input line 712.
LaTeX Font Info:    Redeclaring font encoding OMS on input line 713.
\macc@depth=\count146
\c@MaxMatrixCols=\count147
\dotsspace@=\muskip11
\c@parentequation=\count148
\dspbrk@lvl=\count149
\tag@help=\toks33
\row@=\count150
\column@=\count151
\maxfields@=\count152
\andhelp@=\toks34
\eqnshift@=\dimen182
\alignsep@=\dimen183
\tagshift@=\dimen184
\tagwidth@=\dimen185
\totwidth@=\dimen186
\lineht@=\dimen187
\@envbody=\toks35
\multlinegap=\skip52
\multlinetaggap=\skip53
\mathdisplay@stack=\toks36
LaTeX Info: Redefining \[ on input line 2817.
LaTeX Info: Redefining \] on input line 2818.
)
(/usr/share/texlive/texmf-dist/tex/latex/amscls/amsthm.sty
Package: amsthm 2017/10/31 v2.20.4
\thm@style=\toks37
\thm@bodyfont=\toks38
\thm@headfont=\toks39
\thm@notefont=\toks40
\thm@headpunct=\toks41
\thm@preskip=\skip54
\thm@postskip=\skip55
\thm@headsep=\skip56
\dth@everypar=\toks42
)
\c@theorem=\count153
)
(/usr/share/texlive/texmf-dist/tex/latex/beamer/beamerbasethemes.sty))
(/usr/share/texlive/texmf-dist/tex/latex/beamer/beamerthemedefault.sty
(/usr/share/texlive/texmf-dist/tex/latex/beamer/beamerfontthemedefault.sty)
(/usr/share/texlive/texmf-dist/tex/latex/beamer/beamercolorthemedefault.sty)
(/usr/share/texlive/texmf-dist/tex/latex/beamer/beamerinnerthemedefault.sty
\beamer@dima=\dimen188
\beamer@dimb=\dimen189
)
(/usr/share/texlive/texmf-dist/tex/latex/beamer/beamerouterthemedefault.sty)))
(/usr/share/texlive/texmf-dist/tex/latex/beamer/beamerfontthemeserif.sty)
(./InteriorVegetation.aux)
\openout1 = `InteriorVegetation.aux'.

LaTeX Font Info:    Checking defaults for OML/cmm/m/it on input line 11.
LaTeX Font Info:    ... okay on input line 11.
LaTeX Font Info:    Checking defaults for T1/cmr/m/n on input line 11.
LaTeX Font Info:    ... okay on input line 11.
LaTeX Font Info:    Checking defaults for OT1/cmr/m/n on input line 11.
LaTeX Font Info:    ... okay on input line 11.
LaTeX Font Info:    Checking defaults for OMS/cmsy/m/n on input line 11.
LaTeX Font Info:    ... okay on input line 11.
LaTeX Font Info:    Checking defaults for OMX/cmex/m/n on input line 11.
LaTeX Font Info:    ... okay on input line 11.
LaTeX Font Info:    Checking defaults for U/cmr/m/n on input line 11.
LaTeX Font Info:    ... okay on input line 11.
LaTeX Font Info:    Checking defaults for PD1/pdf/m/n on input line 11.
LaTeX Font Info:    ... okay on input line 11.

*geometry* driver: auto-detecting
*geometry* detected driver: pdftex
*geometry* verbose mode - [ preamble ] result:
* driver: pdftex
* paper: custom
* layout: <same size as paper>
* layoutoffset:(h,v)=(0.0pt,0.0pt)
* modes: includehead includefoot 
* h-part:(L,W,R)=(28.45274pt, 307.28987pt, 28.45274pt)
* v-part:(T,H,B)=(0.0pt, 273.14662pt, 0.0pt)
* \paperwidth=364.19536pt
* \paperheight=273.14662pt
* \textwidth=307.28987pt
* \textheight=244.6939pt
* \oddsidemargin=-43.81725pt
* \evensidemargin=-43.81725pt
* \topmargin=-72.26999pt
* \headheight=14.22636pt
* \headsep=0.0pt
* \topskip=11.0pt
* \footskip=14.22636pt
* \marginparwidth=4.0pt
* \marginparsep=10.0pt
* \columnsep=10.0pt
* \skip\footins=10.0pt plus 4.0pt minus 2.0pt
* \hoffset=0.0pt
* \voffset=0.0pt
* \mag=1000
* \@twocolumnfalse
* \@twosidefalse
* \@mparswitchfalse
* \@reversemarginfalse
* (1in=72.27pt=25.4mm, 1cm=28.453pt)

(/usr/share/texlive/texmf-dist/tex/context/base/mkii/supp-pdf.mkii
[Loading MPS to PDF converter (version 2006.09.02).]
\scratchcounter=\count154
\scratchdimen=\dimen190
\scratchbox=\box53
\nofMPsegments=\count155
\nofMParguments=\count156
\everyMPshowfont=\toks43
\MPscratchCnt=\count157
\MPscratchDim=\dimen191
\MPnumerator=\count158
\makeMPintoPDFobject=\count159
\everyMPtoPDFconversion=\toks44
) (/usr/share/texlive/texmf-dist/tex/latex/oberdiek/epstopdf-base.sty
Package: epstopdf-base 2016/05/15 v2.6 Base part for package epstopdf

(/usr/share/texlive/texmf-dist/tex/latex/oberdiek/grfext.sty
Package: grfext 2016/05/16 v1.2 Manage graphics extensions (HO)
)
Package epstopdf-base Info: Redefining graphics rule for `.eps' on input line 4
38.
Package grfext Info: Graphics extension search list:
(grfext)             [.pdf,.png,.jpg,.mps,.jpeg,.jbig2,.jb2,.PDF,.PNG,.JPG,.JPE
G,.JBIG2,.JB2,.eps]
(grfext)             \AppendGraphicsExtensions on input line 456.

(/usr/share/texlive/texmf-dist/tex/latex/latexconfig/epstopdf-sys.cfg
File: epstopdf-sys.cfg 2010/07/13 v1.3 Configuration of (r)epstopdf for TeX Liv
e
))
ABD: EveryShipout initializing macros
\AtBeginShipoutBox=\box54
Package hyperref Info: Link coloring OFF on input line 11.

(/usr/share/texlive/texmf-dist/tex/latex/hyperref/nameref.sty
Package: nameref 2016/05/21 v2.44 Cross-referencing by name of section

(/usr/share/texlive/texmf-dist/tex/generic/oberdiek/gettitlestring.sty
Package: gettitlestring 2016/05/16 v1.5 Cleanup title references (HO)
)
\c@section@level=\count160
)
LaTeX Info: Redefining \ref on input line 11.
LaTeX Info: Redefining \pageref on input line 11.
LaTeX Info: Redefining \nameref on input line 11.

(./InteriorVegetation.out) (./InteriorVegetation.out)
\@outlinefile=\write5
\openout5 = `InteriorVegetation.out'.


(/usr/share/texlive/texmf-dist/tex/latex/translator/translator-basic-dictionary
-English.dict
Dictionary: translator-basic-dictionary, Language: English 
)
(/usr/share/texlive/texmf-dist/tex/latex/translator/translator-bibliography-dic
tionary-English.dict
Dictionary: translator-bibliography-dictionary, Language: English 
)
(/usr/share/texlive/texmf-dist/tex/latex/translator/translator-environment-dict
ionary-English.dict
Dictionary: translator-environment-dictionary, Language: English 
)
(/usr/share/texlive/texmf-dist/tex/latex/translator/translator-months-dictionar
y-English.dict
Dictionary: translator-months-dictionary, Language: English 
)
(/usr/share/texlive/texmf-dist/tex/latex/translator/translator-numbers-dictiona
ry-English.dict
Dictionary: translator-numbers-dictionary, Language: English 
)
(/usr/share/texlive/texmf-dist/tex/latex/translator/translator-theorem-dictiona
ry-English.dict
Dictionary: translator-theorem-dictionary, Language: English 
) (./InteriorVegetation.nav) [1

{/var/lib/texmf/fonts/map/pdftex/updmap/pdftex.map}]
<b.png, id=21, 1195.46625pt x 710.655pt>
File: b.png Graphic file (type png)
<use b.png>
Package pdftex.def Info: b.png  used on input line 21.
(pdftex.def)             Requested size: 276.559pt x 164.40146pt.
 [2

 <./b.png (PNG copy)>]
<TREEEntropyInteriorVeg.png, id=27, 462.528pt x 346.896pt>
File: TREEEntropyInteriorVeg.png Graphic file (type png)
<use TREEEntropyInteriorVeg.png>
Package pdftex.def Info: TREEEntropyInteriorVeg.png  used on input line 28.
(pdftex.def)             Requested size: 276.559pt x 207.4299pt.
 [3

 <./TREEEntropyInteriorVeg.png>]
<TREEPtInteriorVegk2.png, id=35, 462.528pt x 346.896pt>
File: TREEPtInteriorVegk2.png Graphic file (type png)
<use TREEPtInteriorVegk2.png>
Package pdftex.def Info: TREEPtInteriorVegk2.png  used on input line 35.
(pdftex.def)             Requested size: 276.559pt x 207.4299pt.
[4

 <./TREEPtInteriorVegk2.png>]
<TREEPtInteriorVegk3.png, id=42, 462.528pt x 346.896pt>
File: TREEPtInteriorVegk3.png Graphic file (type png)
<use TREEPtInteriorVegk3.png>
Package pdftex.def Info: TREEPtInteriorVegk3.png  used on input line 42.
(pdftex.def)             Requested size: 276.559pt x 207.4299pt.
 [5

 <./TREEPtInteriorVegk3.png>]
<TREEPtInteriorVegk4.png, id=49, 462.528pt x 346.896pt>
File: TREEPtInteriorVegk4.png Graphic file (type png)
<use TREEPtInteriorVegk4.png>
Package pdftex.def Info: TREEPtInteriorVegk4.png  used on input line 49.
(pdftex.def)             Requested size: 276.559pt x 207.4299pt.
 [6

 <./TREEPtInteriorVegk4.png>]
<TREEPtInteriorVegk5.png, id=56, 462.528pt x 346.896pt>
File: TREEPtInteriorVegk5.png Graphic file (type png)
<use TREEPtInteriorVegk5.png>
Package pdftex.def Info: TREEPtInteriorVegk5.png  used on input line 56.
(pdftex.def)             Requested size: 276.559pt x 207.4299pt.
 [7

 <./TREEPtInteriorVegk5.png>]
<TREEPtInteriorVegk6.png, id=64, 462.528pt x 346.896pt>
File: TREEPtInteriorVegk6.png Graphic file (type png)
<use TREEPtInteriorVegk6.png>
Package pdftex.def Info: TREEPtInteriorVegk6.png  used on input line 63.
(pdftex.def)             Requested size: 276.559pt x 207.4299pt.
 [8

 <./TREEPtInteriorVegk6.png>]
<TREEPtInteriorVegk7.png, id=71, 462.528pt x 346.896pt>
File: TREEPtInteriorVegk7.png Graphic file (type png)
<use TREEPtInteriorVegk7.png>
Package pdftex.def Info: TREEPtInteriorVegk7.png  used on input line 70.
(pdftex.def)             Requested size: 276.559pt x 207.4299pt.
 [9

 <./TREEPtInteriorVegk7.png>]
<TREEPtInteriorVegk8.png, id=78, 462.528pt x 346.896pt>
File: TREEPtInteriorVegk8.png Graphic file (type png)
<use TREEPtInteriorVegk8.png>
Package pdftex.def Info: TREEPtInteriorVegk8.png  used on input line 77.
(pdftex.def)             Requested size: 276.559pt x 207.4299pt.
 [10

 <./TREEPtInteriorVegk8.png>]
<TREEPtInteriorVegk9.png, id=85, 462.528pt x 346.896pt>
File: TREEPtInteriorVegk9.png Graphic file (type png)
<use TREEPtInteriorVegk9.png>
Package pdftex.def Info: TREEPtInteriorVegk9.png  used on input line 84.
(pdftex.def)             Requested size: 276.559pt x 207.4299pt.
 [11

 <./TREEPtInteriorVegk9.png>]
<TREEPtInteriorVegk10.png, id=92, 462.528pt x 346.896pt>
File: TREEPtInteriorVegk10.png Graphic file (type png)
<use TREEPtInteriorVegk10.png>
Package pdftex.def Info: TREEPtInteriorVegk10.png  used on input line 91.
(pdftex.def)             Requested size: 276.559pt x 207.4299pt.
 [12

 <./TREEPtInteriorVegk10.png>]
<TREEPtInteriorVegk11.png, id=99, 462.528pt x 346.896pt>
File: TREEPtInteriorVegk11.png Graphic file (type png)
<use TREEPtInteriorVegk11.png>
Package pdftex.def Info: TREEPtInteriorVegk11.png  used on input line 98.
(pdftex.def)             Requested size: 276.559pt x 207.4299pt.
 [13

 <./TREEPtInteriorVegk11.png>]
<TREEPtInteriorVegk12.png, id=107, 462.528pt x 346.896pt>
File: TREEPtInteriorVegk12.png Graphic file (type png)
<use TREEPtInteriorVegk12.png>
Package pdftex.def Info: TREEPtInteriorVegk12.png  used on input line 105.
(pdftex.def)             Requested size: 276.559pt x 207.4299pt.
 [14

 <./TREEPtInteriorVegk12.png>]
<TREEPtInteriorVegk13.png, id=114, 462.528pt x 346.896pt>
File: TREEPtInteriorVegk13.png Graphic file (type png)
<use TREEPtInteriorVegk13.png>
Package pdftex.def Info: TREEPtInteriorVegk13.png  used on input line 112.
(pdftex.def)             Requested size: 276.559pt x 207.4299pt.
 [15

 <./TREEPtInteriorVegk13.png>]
<TREEPtInteriorVegk14.png, id=121, 462.528pt x 346.896pt>
File: TREEPtInteriorVegk14.png Graphic file (type png)
<use TREEPtInteriorVegk14.png>
Package pdftex.def Info: TREEPtInteriorVegk14.png  used on input line 119.
(pdftex.def)             Requested size: 276.559pt x 207.4299pt.

[16

 <./TREEPtInteriorVegk14.png>]
<TREEPtInteriorVegk15.png, id=128, 462.528pt x 346.896pt>
File: TREEPtInteriorVegk15.png Graphic file (type png)
<use TREEPtInteriorVegk15.png>
Package pdftex.def Info: TREEPtInteriorVegk15.png  used on input line 126.
(pdftex.def)             Requested size: 276.559pt x 207.4299pt.
 [17

 <./TREEPtInteriorVegk15.png>]
<TREEPtInteriorVegk16.png, id=135, 462.528pt x 346.896pt>
File: TREEPtInteriorVegk16.png Graphic file (type png)
<use TREEPtInteriorVegk16.png>
Package pdftex.def Info: TREEPtInteriorVegk16.png  used on input line 133.
(pdftex.def)             Requested size: 276.559pt x 207.4299pt.
 [18

 <./TREEPtInteriorVegk16.png>]
<TREEPtInteriorVegk17.png, id=142, 462.528pt x 346.896pt>
File: TREEPtInteriorVegk17.png Graphic file (type png)
<use TREEPtInteriorVegk17.png>
Package pdftex.def Info: TREEPtInteriorVegk17.png  used on input line 140.
(pdftex.def)             Requested size: 276.559pt x 207.4299pt.
 [19

 <./TREEPtInteriorVegk17.png>]
<TREEPtInteriorVegk18.png, id=150, 462.528pt x 346.896pt>
File: TREEPtInteriorVegk18.png Graphic file (type png)
<use TREEPtInteriorVegk18.png>
Package pdftex.def Info: TREEPtInteriorVegk18.png  used on input line 147.
(pdftex.def)             Requested size: 276.559pt x 207.4299pt.
 [20

 <./TREEPtInteriorVegk18.png>]
<TREEPtInteriorVegk19.png, id=157, 462.528pt x 346.896pt>
File: TREEPtInteriorVegk19.png Graphic file (type png)
<use TREEPtInteriorVegk19.png>
Package pdftex.def Info: TREEPtInteriorVegk19.png  used on input line 154.
(pdftex.def)             Requested size: 276.559pt x 207.4299pt.
 [21

 <./TREEPtInteriorVegk19.png>]
<TREEPtInteriorVegk20.png, id=164, 462.528pt x 346.896pt>
File: TREEPtInteriorVegk20.png Graphic file (type png)
<use TREEPtInteriorVegk20.png>
Package pdftex.def Info: TREEPtInteriorVegk20.png  used on input line 161.
(pdftex.def)             Requested size: 276.559pt x 207.4299pt.
 [22

 <./TREEPtInteriorVegk20.png>]
<TREEPtInteriorVegk21.png, id=171, 462.528pt x 346.896pt>
File: TREEPtInteriorVegk21.png Graphic file (type png)
<use TREEPtInteriorVegk21.png>
Package pdftex.def Info: TREEPtInteriorVegk21.png  used on input line 168.
(pdftex.def)             Requested size: 276.559pt x 207.4299pt.
[23

 <./TREEPtInteriorVegk21.png>]
<TREEPtInteriorVegk22.png, id=178, 462.528pt x 346.896pt>
File: TREEPtInteriorVegk22.png Graphic file (type png)
<use TREEPtInteriorVegk22.png>
Package pdftex.def Info: TREEPtInteriorVegk22.png  used on input line 175.
(pdftex.def)             Requested size: 276.559pt x 207.4299pt.
 [24

 <./TREEPtInteriorVegk22.png>]
<TREEPtInteriorVegk23.png, id=185, 462.528pt x 346.896pt>
File: TREEPtInteriorVegk23.png Graphic file (type png)
<use TREEPtInteriorVegk23.png>
Package pdftex.def Info: TREEPtInteriorVegk23.png  used on input line 182.
(pdftex.def)             Requested size: 276.559pt x 207.4299pt.
 [25

 <./TREEPtInteriorVegk23.png>]
<TREEPtInteriorVegk24.png, id=194, 462.528pt x 346.896pt>
File: TREEPtInteriorVegk24.png Graphic file (type png)
<use TREEPtInteriorVegk24.png>
Package pdftex.def Info: TREEPtInteriorVegk24.png  used on input line 189.
(pdftex.def)             Requested size: 276.559pt x 207.4299pt.
 [26

 <./TREEPtInteriorVegk24.png>]
<TREEPtInteriorVegk25.png, id=201, 462.528pt x 346.896pt>
File: TREEPtInteriorVegk25.png Graphic file (type png)
<use TREEPtInteriorVegk25.png>
Package pdftex.def Info: TREEPtInteriorVegk25.png  used on input line 196.
(pdftex.def)             Requested size: 276.559pt x 207.4299pt.
 [27

 <./TREEPtInteriorVegk25.png>]
<TREEPtInteriorVegk26.png, id=208, 462.528pt x 346.896pt>
File: TREEPtInteriorVegk26.png Graphic file (type png)
<use TREEPtInteriorVegk26.png>
Package pdftex.def Info: TREEPtInteriorVegk26.png  used on input line 203.
(pdftex.def)             Requested size: 276.559pt x 207.4299pt.
 [28

 <./TREEPtInteriorVegk26.png>]
<TREEPtInteriorVegk27.png, id=215, 462.528pt x 346.896pt>
File: TREEPtInteriorVegk27.png Graphic file (type png)
<use TREEPtInteriorVegk27.png>
Package pdftex.def Info: TREEPtInteriorVegk27.png  used on input line 210.
(pdftex.def)             Requested size: 276.559pt x 207.4299pt.
 [29

 <./TREEPtInteriorVegk27.png>]
<TREEPtInteriorVegk28.png, id=222, 462.528pt x 346.896pt>
File: TREEPtInteriorVegk28.png Graphic file (type png)
<use TREEPtInteriorVegk28.png>
Package pdftex.def Info: TREEPtInteriorVegk28.png  used on input line 217.
(pdftex.def)             Requested size: 276.559pt x 207.4299pt.
[30

 <./TREEPtInteriorVegk28.png>]
<TREEPtInteriorVegk29.png, id=229, 462.528pt x 346.896pt>
File: TREEPtInteriorVegk29.png Graphic file (type png)
<use TREEPtInteriorVegk29.png>
Package pdftex.def Info: TREEPtInteriorVegk29.png  used on input line 224.
(pdftex.def)             Requested size: 276.559pt x 207.4299pt.
 [31

 <./TREEPtInteriorVegk29.png>]
<TREEPtInteriorVegk30.png, id=237, 462.528pt x 346.896pt>
File: TREEPtInteriorVegk30.png Graphic file (type png)
<use TREEPtInteriorVegk30.png>
Package pdftex.def Info: TREEPtInteriorVegk30.png  used on input line 231.
(pdftex.def)             Requested size: 276.559pt x 207.4299pt.
 [32

 <./TREEPtInteriorVegk30.png>]
<TREEPtInteriorVegk31.png, id=244, 462.528pt x 346.896pt>
File: TREEPtInteriorVegk31.png Graphic file (type png)
<use TREEPtInteriorVegk31.png>
Package pdftex.def Info: TREEPtInteriorVegk31.png  used on input line 238.
(pdftex.def)             Requested size: 276.559pt x 207.4299pt.
 [33

 <./TREEPtInteriorVegk31.png>]
<TREEPtInteriorVegk32.png, id=251, 462.528pt x 346.896pt>
File: TREEPtInteriorVegk32.png Graphic file (type png)
<use TREEPtInteriorVegk32.png>
Package pdftex.def Info: TREEPtInteriorVegk32.png  used on input line 245.
(pdftex.def)             Requested size: 276.559pt x 207.4299pt.
 [34

 <./TREEPtInteriorVegk32.png>]
<TREEPtInteriorVegk33.png, id=258, 462.528pt x 346.896pt>
File: TREEPtInteriorVegk33.png Graphic file (type png)
<use TREEPtInteriorVegk33.png>
Package pdftex.def Info: TREEPtInteriorVegk33.png  used on input line 252.
(pdftex.def)             Requested size: 276.559pt x 207.4299pt.
 [35

 <./TREEPtInteriorVegk33.png>]
<TREEPtInteriorVegk34.png, id=265, 462.528pt x 346.896pt>
File: TREEPtInteriorVegk34.png Graphic file (type png)
<use TREEPtInteriorVegk34.png>
Package pdftex.def Info: TREEPtInteriorVegk34.png  used on input line 259.
(pdftex.def)             Requested size: 276.559pt x 207.4299pt.
 [36

 <./TREEPtInteriorVegk34.png>]
<TREEPtInteriorVegk35.png, id=272, 462.528pt x 346.896pt>
File: TREEPtInteriorVegk35.png Graphic file (type png)
<use TREEPtInteriorVegk35.png>
Package pdftex.def Info: TREEPtInteriorVegk35.png  used on input line 266.
(pdftex.def)             Requested size: 276.559pt x 207.4299pt.
[37

 <./TREEPtInteriorVegk35.png>]
<TREEPtInteriorVegk36.png, id=280, 462.528pt x 346.896pt>
File: TREEPtInteriorVegk36.png Graphic file (type png)
<use TREEPtInteriorVegk36.png>
Package pdftex.def Info: TREEPtInteriorVegk36.png  used on input line 273.
(pdftex.def)             Requested size: 276.559pt x 207.4299pt.
 [38

 <./TREEPtInteriorVegk36.png>]
<TREEPtInteriorVegk37.png, id=287, 462.528pt x 346.896pt>
File: TREEPtInteriorVegk37.png Graphic file (type png)
<use TREEPtInteriorVegk37.png>
Package pdftex.def Info: TREEPtInteriorVegk37.png  used on input line 280.
(pdftex.def)             Requested size: 276.559pt x 207.4299pt.
 [39

 <./TREEPtInteriorVegk37.png>]
<TREEPtInteriorVegk38.png, id=294, 462.528pt x 346.896pt>
File: TREEPtInteriorVegk38.png Graphic file (type png)
<use TREEPtInteriorVegk38.png>
Package pdftex.def Info: TREEPtInteriorVegk38.png  used on input line 287.
(pdftex.def)             Requested size: 276.559pt x 207.4299pt.
 [40

 <./TREEPtInteriorVegk38.png>]
<TREEPtInteriorVegk39.png, id=301, 462.528pt x 346.896pt>
File: TREEPtInteriorVegk39.png Graphic file (type png)
<use TREEPtInteriorVegk39.png>
Package pdftex.def Info: TREEPtInteriorVegk39.png  used on input line 294.
(pdftex.def)             Requested size: 276.559pt x 207.4299pt.
 [41

 <./TREEPtInteriorVegk39.png>]
<TREEPtInteriorVegk40.png, id=308, 462.528pt x 346.896pt>
File: TREEPtInteriorVegk40.png Graphic file (type png)
<use TREEPtInteriorVegk40.png>
Package pdftex.def Info: TREEPtInteriorVegk40.png  used on input line 301.
(pdftex.def)             Requested size: 276.559pt x 207.4299pt.
 [42

 <./TREEPtInteriorVegk40.png>]
<TREEPtInteriorVegk41.png, id=315, 462.528pt x 346.896pt>
File: TREEPtInteriorVegk41.png Graphic file (type png)
<use TREEPtInteriorVegk41.png>
Package pdftex.def Info: TREEPtInteriorVegk41.png  used on input line 308.
(pdftex.def)             Requested size: 276.559pt x 207.4299pt.
 [43

 <./TREEPtInteriorVegk41.png>]
<TREEPtInteriorVegk42.png, id=323, 462.528pt x 346.896pt>
File: TREEPtInteriorVegk42.png Graphic file (type png)
<use TREEPtInteriorVegk42.png>
Package pdftex.def Info: TREEPtInteriorVegk42.png  used on input line 315.
(pdftex.def)             Requested size: 276.559pt x 207.4299pt.
[44

 <./TREEPtInteriorVegk42.png>]
<TREEPtInteriorVegk43.png, id=330, 462.528pt x 346.896pt>
File: TREEPtInteriorVegk43.png Graphic file (type png)
<use TREEPtInteriorVegk43.png>
Package pdftex.def Info: TREEPtInteriorVegk43.png  used on input line 322.
(pdftex.def)             Requested size: 276.559pt x 207.4299pt.
 [45

 <./TREEPtInteriorVegk43.png>]
<TREEPtInteriorVegk44.png, id=337, 462.528pt x 346.896pt>
File: TREEPtInteriorVegk44.png Graphic file (type png)
<use TREEPtInteriorVegk44.png>
Package pdftex.def Info: TREEPtInteriorVegk44.png  used on input line 329.
(pdftex.def)             Requested size: 276.559pt x 207.4299pt.
 [46

 <./TREEPtInteriorVegk44.png>]
<TREEPtInteriorVegk45.png, id=344, 462.528pt x 346.896pt>
File: TREEPtInteriorVegk45.png Graphic file (type png)
<use TREEPtInteriorVegk45.png>
Package pdftex.def Info: TREEPtInteriorVegk45.png  used on input line 336.
(pdftex.def)             Requested size: 276.559pt x 207.4299pt.
 [47

 <./TREEPtInteriorVegk45.png>]
<TREEPtInteriorVegk46.png, id=351, 462.528pt x 346.896pt>
File: TREEPtInteriorVegk46.png Graphic file (type png)
<use TREEPtInteriorVegk46.png>
Package pdftex.def Info: TREEPtInteriorVegk46.png  used on input line 343.
(pdftex.def)             Requested size: 276.559pt x 207.4299pt.
 [48

 <./TREEPtInteriorVegk46.png>]
<TREEPtInteriorVegk47.png, id=358, 462.528pt x 346.896pt>
File: TREEPtInteriorVegk47.png Graphic file (type png)
<use TREEPtInteriorVegk47.png>
Package pdftex.def Info: TREEPtInteriorVegk47.png  used on input line 350.
(pdftex.def)             Requested size: 276.559pt x 207.4299pt.
 [49

 <./TREEPtInteriorVegk47.png>]
<TREEPtInteriorVegk48.png, id=366, 462.528pt x 346.896pt>
File: TREEPtInteriorVegk48.png Graphic file (type png)
<use TREEPtInteriorVegk48.png>
Package pdftex.def Info: TREEPtInteriorVegk48.png  used on input line 357.
(pdftex.def)             Requested size: 276.559pt x 207.4299pt.
 [50

 <./TREEPtInteriorVegk48.png>]
<TREEPtInteriorVegk49.png, id=374, 462.528pt x 346.896pt>
File: TREEPtInteriorVegk49.png Graphic file (type png)
<use TREEPtInteriorVegk49.png>
Package pdftex.def Info: TREEPtInteriorVegk49.png  used on input line 364.
(pdftex.def)             Requested size: 276.559pt x 207.4299pt.
[51

 <./TREEPtInteriorVegk49.png>]
<TREEPtInteriorVegk50.png, id=381, 462.528pt x 346.896pt>
File: TREEPtInteriorVegk50.png Graphic file (type png)
<use TREEPtInteriorVegk50.png>
Package pdftex.def Info: TREEPtInteriorVegk50.png  used on input line 371.
(pdftex.def)             Requested size: 276.559pt x 207.4299pt.
 [52

 <./TREEPtInteriorVegk50.png>]
<TREEPtInteriorVegk51.png, id=388, 462.528pt x 346.896pt>
File: TREEPtInteriorVegk51.png Graphic file (type png)
<use TREEPtInteriorVegk51.png>
Package pdftex.def Info: TREEPtInteriorVegk51.png  used on input line 378.
(pdftex.def)             Requested size: 276.559pt x 207.4299pt.
 [53

 <./TREEPtInteriorVegk51.png>]
<TREEPtInteriorVegk52.png, id=395, 462.528pt x 346.896pt>
File: TREEPtInteriorVegk52.png Graphic file (type png)
<use TREEPtInteriorVegk52.png>
Package pdftex.def Info: TREEPtInteriorVegk52.png  used on input line 385.
(pdftex.def)             Requested size: 276.559pt x 207.4299pt.
 [54

 <./TREEPtInteriorVegk52.png>]
<TREEPtInteriorVegk53.png, id=402, 462.528pt x 346.896pt>
File: TREEPtInteriorVegk53.png Graphic file (type png)
<use TREEPtInteriorVegk53.png>
Package pdftex.def Info: TREEPtInteriorVegk53.png  used on input line 392.
(pdftex.def)             Requested size: 276.559pt x 207.4299pt.
 [55

 <./TREEPtInteriorVegk53.png>]
<TREEPtInteriorVegk54.png, id=410, 462.528pt x 346.896pt>
File: TREEPtInteriorVegk54.png Graphic file (type png)
<use TREEPtInteriorVegk54.png>
Package pdftex.def Info: TREEPtInteriorVegk54.png  used on input line 399.
(pdftex.def)             Requested size: 276.559pt x 207.4299pt.
 [56

 <./TREEPtInteriorVegk54.png>]
<TREEPtInteriorVegk55.png, id=417, 462.528pt x 346.896pt>
File: TREEPtInteriorVegk55.png Graphic file (type png)
<use TREEPtInteriorVegk55.png>
Package pdftex.def Info: TREEPtInteriorVegk55.png  used on input line 406.
(pdftex.def)             Requested size: 276.559pt x 207.4299pt.
 [57

 <./TREEPtInteriorVegk55.png>]
<TREEPtInteriorVegk56.png, id=424, 462.528pt x 346.896pt>
File: TREEPtInteriorVegk56.png Graphic file (type png)
<use TREEPtInteriorVegk56.png>
Package pdftex.def Info: TREEPtInteriorVegk56.png  used on input line 413.
(pdftex.def)             Requested size: 276.559pt x 207.4299pt.
[58

 <./TREEPtInteriorVegk56.png>]
<TREEPtInteriorVegk57.png, id=431, 462.528pt x 346.896pt>
File: TREEPtInteriorVegk57.png Graphic file (type png)
<use TREEPtInteriorVegk57.png>
Package pdftex.def Info: TREEPtInteriorVegk57.png  used on input line 420.
(pdftex.def)             Requested size: 276.559pt x 207.4299pt.
 [59

 <./TREEPtInteriorVegk57.png>]
<TREEPtInteriorVegk58.png, id=438, 462.528pt x 346.896pt>
File: TREEPtInteriorVegk58.png Graphic file (type png)
<use TREEPtInteriorVegk58.png>
Package pdftex.def Info: TREEPtInteriorVegk58.png  used on input line 427.
(pdftex.def)             Requested size: 276.559pt x 207.4299pt.
 [60

 <./TREEPtInteriorVegk58.png>]
<TREEPtInteriorVegk59.png, id=445, 462.528pt x 346.896pt>
File: TREEPtInteriorVegk59.png Graphic file (type png)
<use TREEPtInteriorVegk59.png>
Package pdftex.def Info: TREEPtInteriorVegk59.png  used on input line 434.
(pdftex.def)             Requested size: 276.559pt x 207.4299pt.
 [61

 <./TREEPtInteriorVegk59.png>]
<TREEPtInteriorVegk60.png, id=453, 462.528pt x 346.896pt>
File: TREEPtInteriorVegk60.png Graphic file (type png)
<use TREEPtInteriorVegk60.png>
Package pdftex.def Info: TREEPtInteriorVegk60.png  used on input line 441.
(pdftex.def)             Requested size: 276.559pt x 207.4299pt.
 [62

 <./TREEPtInteriorVegk60.png>]
<TREEPtInteriorVegk61.png, id=460, 462.528pt x 346.896pt>
File: TREEPtInteriorVegk61.png Graphic file (type png)
<use TREEPtInteriorVegk61.png>
Package pdftex.def Info: TREEPtInteriorVegk61.png  used on input line 448.
(pdftex.def)             Requested size: 276.559pt x 207.4299pt.
 [63

 <./TREEPtInteriorVegk61.png>]
<TREEPtInteriorVegk62.png, id=467, 462.528pt x 346.896pt>
File: TREEPtInteriorVegk62.png Graphic file (type png)
<use TREEPtInteriorVegk62.png>
Package pdftex.def Info: TREEPtInteriorVegk62.png  used on input line 455.
(pdftex.def)             Requested size: 276.559pt x 207.4299pt.
 [64

 <./TREEPtInteriorVegk62.png>]
<TREEPtInteriorVegk63.png, id=474, 462.528pt x 346.896pt>
File: TREEPtInteriorVegk63.png Graphic file (type png)
<use TREEPtInteriorVegk63.png>
Package pdftex.def Info: TREEPtInteriorVegk63.png  used on input line 462.
(pdftex.def)             Requested size: 276.559pt x 207.4299pt.
[65

 <./TREEPtInteriorVegk63.png>]
<TREEPtInteriorVegk64.png, id=481, 462.528pt x 346.896pt>
File: TREEPtInteriorVegk64.png Graphic file (type png)
<use TREEPtInteriorVegk64.png>
Package pdftex.def Info: TREEPtInteriorVegk64.png  used on input line 469.
(pdftex.def)             Requested size: 276.559pt x 207.4299pt.
 [66

 <./TREEPtInteriorVegk64.png>]
<TREEPtInteriorVegk65.png, id=488, 462.528pt x 346.896pt>
File: TREEPtInteriorVegk65.png Graphic file (type png)
<use TREEPtInteriorVegk65.png>
Package pdftex.def Info: TREEPtInteriorVegk65.png  used on input line 476.
(pdftex.def)             Requested size: 276.559pt x 207.4299pt.
 [67

 <./TREEPtInteriorVegk65.png>]
<TREEPtInteriorVegk66.png, id=496, 462.528pt x 346.896pt>
File: TREEPtInteriorVegk66.png Graphic file (type png)
<use TREEPtInteriorVegk66.png>
Package pdftex.def Info: TREEPtInteriorVegk66.png  used on input line 483.
(pdftex.def)             Requested size: 276.559pt x 207.4299pt.
 [68

 <./TREEPtInteriorVegk66.png>]
<TREEPtInteriorVegk67.png, id=503, 462.528pt x 346.896pt>
File: TREEPtInteriorVegk67.png Graphic file (type png)
<use TREEPtInteriorVegk67.png>
Package pdftex.def Info: TREEPtInteriorVegk67.png  used on input line 490.
(pdftex.def)             Requested size: 276.559pt x 207.4299pt.
 [69

 <./TREEPtInteriorVegk67.png>]
<TREEPtInteriorVegk68.png, id=510, 462.528pt x 346.896pt>
File: TREEPtInteriorVegk68.png Graphic file (type png)
<use TREEPtInteriorVegk68.png>
Package pdftex.def Info: TREEPtInteriorVegk68.png  used on input line 497.
(pdftex.def)             Requested size: 276.559pt x 207.4299pt.
 [70

 <./TREEPtInteriorVegk68.png>]
<TREEPtInteriorVegk69.png, id=517, 462.528pt x 346.896pt>
File: TREEPtInteriorVegk69.png Graphic file (type png)
<use TREEPtInteriorVegk69.png>
Package pdftex.def Info: TREEPtInteriorVegk69.png  used on input line 504.
(pdftex.def)             Requested size: 276.559pt x 207.4299pt.
 [71

 <./TREEPtInteriorVegk69.png>]
<TREEPtInteriorVegk70.png, id=524, 462.528pt x 346.896pt>
File: TREEPtInteriorVegk70.png Graphic file (type png)
<use TREEPtInteriorVegk70.png>
Package pdftex.def Info: TREEPtInteriorVegk70.png  used on input line 511.
(pdftex.def)             Requested size: 276.559pt x 207.4299pt.
[72

 <./TREEPtInteriorVegk70.png>]
<TREEPtInteriorVegk71.png, id=531, 462.528pt x 346.896pt>
File: TREEPtInteriorVegk71.png Graphic file (type png)
<use TREEPtInteriorVegk71.png>
Package pdftex.def Info: TREEPtInteriorVegk71.png  used on input line 518.
(pdftex.def)             Requested size: 276.559pt x 207.4299pt.
 [73

 <./TREEPtInteriorVegk71.png>]
<TREEPtInteriorVegk72.png, id=539, 462.528pt x 346.896pt>
File: TREEPtInteriorVegk72.png Graphic file (type png)
<use TREEPtInteriorVegk72.png>
Package pdftex.def Info: TREEPtInteriorVegk72.png  used on input line 525.
(pdftex.def)             Requested size: 276.559pt x 207.4299pt.
 [74

 <./TREEPtInteriorVegk72.png>]
<TREEPtInteriorVegk73.png, id=546, 462.528pt x 346.896pt>
File: TREEPtInteriorVegk73.png Graphic file (type png)
<use TREEPtInteriorVegk73.png>
Package pdftex.def Info: TREEPtInteriorVegk73.png  used on input line 532.
(pdftex.def)             Requested size: 276.559pt x 207.4299pt.
 [75

 <./TREEPtInteriorVegk73.png>]
<TREEPtInteriorVegk74.png, id=554, 462.528pt x 346.896pt>
File: TREEPtInteriorVegk74.png Graphic file (type png)
<use TREEPtInteriorVegk74.png>
Package pdftex.def Info: TREEPtInteriorVegk74.png  used on input line 539.
(pdftex.def)             Requested size: 276.559pt x 207.4299pt.
 [76

 <./TREEPtInteriorVegk74.png>]
<TREEPtInteriorVegk75.png, id=561, 462.528pt x 346.896pt>
File: TREEPtInteriorVegk75.png Graphic file (type png)
<use TREEPtInteriorVegk75.png>
Package pdftex.def Info: TREEPtInteriorVegk75.png  used on input line 546.
(pdftex.def)             Requested size: 276.559pt x 207.4299pt.
 [77

 <./TREEPtInteriorVegk75.png>]
<TREEPtInteriorVegk76.png, id=568, 462.528pt x 346.896pt>
File: TREEPtInteriorVegk76.png Graphic file (type png)
<use TREEPtInteriorVegk76.png>
Package pdftex.def Info: TREEPtInteriorVegk76.png  used on input line 553.
(pdftex.def)             Requested size: 276.559pt x 207.4299pt.
 [78

 <./TREEPtInteriorVegk76.png>]
<TREEPtInteriorVegk77.png, id=575, 462.528pt x 346.896pt>
File: TREEPtInteriorVegk77.png Graphic file (type png)
<use TREEPtInteriorVegk77.png>
Package pdftex.def Info: TREEPtInteriorVegk77.png  used on input line 560.
(pdftex.def)             Requested size: 276.559pt x 207.4299pt.
[79

 <./TREEPtInteriorVegk77.png>]
<TREEPtInteriorVegk78.png, id=583, 462.528pt x 346.896pt>
File: TREEPtInteriorVegk78.png Graphic file (type png)
<use TREEPtInteriorVegk78.png>
Package pdftex.def Info: TREEPtInteriorVegk78.png  used on input line 567.
(pdftex.def)             Requested size: 276.559pt x 207.4299pt.
 [80

 <./TREEPtInteriorVegk78.png>]
<TREEPtInteriorVegk79.png, id=590, 462.528pt x 346.896pt>
File: TREEPtInteriorVegk79.png Graphic file (type png)
<use TREEPtInteriorVegk79.png>
Package pdftex.def Info: TREEPtInteriorVegk79.png  used on input line 574.
(pdftex.def)             Requested size: 276.559pt x 207.4299pt.
 [81

 <./TREEPtInteriorVegk79.png>]
<TREEPtInteriorVegk80.png, id=597, 462.528pt x 346.896pt>
File: TREEPtInteriorVegk80.png Graphic file (type png)
<use TREEPtInteriorVegk80.png>
Package pdftex.def Info: TREEPtInteriorVegk80.png  used on input line 581.
(pdftex.def)             Requested size: 276.559pt x 207.4299pt.
 [82

 <./TREEPtInteriorVegk80.png>]
<TREEPtInteriorVegk81.png, id=604, 462.528pt x 346.896pt>
File: TREEPtInteriorVegk81.png Graphic file (type png)
<use TREEPtInteriorVegk81.png>
Package pdftex.def Info: TREEPtInteriorVegk81.png  used on input line 588.
(pdftex.def)             Requested size: 276.559pt x 207.4299pt.
 [83

 <./TREEPtInteriorVegk81.png>]
<TREEPtInteriorVegk82.png, id=611, 462.528pt x 346.896pt>
File: TREEPtInteriorVegk82.png Graphic file (type png)
<use TREEPtInteriorVegk82.png>
Package pdftex.def Info: TREEPtInteriorVegk82.png  used on input line 595.
(pdftex.def)             Requested size: 276.559pt x 207.4299pt.
 [84

 <./TREEPtInteriorVegk82.png>]
<TREEPtInteriorVegk83.png, id=618, 462.528pt x 346.896pt>
File: TREEPtInteriorVegk83.png Graphic file (type png)
<use TREEPtInteriorVegk83.png>
Package pdftex.def Info: TREEPtInteriorVegk83.png  used on input line 602.
(pdftex.def)             Requested size: 276.559pt x 207.4299pt.
 [85

 <./TREEPtInteriorVegk83.png>]
<TREEPtInteriorVegk84.png, id=626, 462.528pt x 346.896pt>
File: TREEPtInteriorVegk84.png Graphic file (type png)
<use TREEPtInteriorVegk84.png>
Package pdftex.def Info: TREEPtInteriorVegk84.png  used on input line 609.
(pdftex.def)             Requested size: 276.559pt x 207.4299pt.
[86

 <./TREEPtInteriorVegk84.png>]
<TREEPtInteriorVegk85.png, id=633, 462.528pt x 346.896pt>
File: TREEPtInteriorVegk85.png Graphic file (type png)
<use TREEPtInteriorVegk85.png>
Package pdftex.def Info: TREEPtInteriorVegk85.png  used on input line 616.
(pdftex.def)             Requested size: 276.559pt x 207.4299pt.
 [87

 <./TREEPtInteriorVegk85.png>]
<TREEPtInteriorVegk86.png, id=640, 462.528pt x 346.896pt>
File: TREEPtInteriorVegk86.png Graphic file (type png)
<use TREEPtInteriorVegk86.png>
Package pdftex.def Info: TREEPtInteriorVegk86.png  used on input line 623.
(pdftex.def)             Requested size: 276.559pt x 207.4299pt.
 [88

 <./TREEPtInteriorVegk86.png>]
<TREEPtInteriorVegk87.png, id=647, 462.528pt x 346.896pt>
File: TREEPtInteriorVegk87.png Graphic file (type png)
<use TREEPtInteriorVegk87.png>
Package pdftex.def Info: TREEPtInteriorVegk87.png  used on input line 630.
(pdftex.def)             Requested size: 276.559pt x 207.4299pt.
 [89

 <./TREEPtInteriorVegk87.png>]
<TREEPtInteriorVegk88.png, id=654, 462.528pt x 346.896pt>
File: TREEPtInteriorVegk88.png Graphic file (type png)
<use TREEPtInteriorVegk88.png>
Package pdftex.def Info: TREEPtInteriorVegk88.png  used on input line 637.
(pdftex.def)             Requested size: 276.559pt x 207.4299pt.
 [90

 <./TREEPtInteriorVegk88.png>]
<TREEPtInteriorVegk89.png, id=661, 462.528pt x 346.896pt>
File: TREEPtInteriorVegk89.png Graphic file (type png)
<use TREEPtInteriorVegk89.png>
Package pdftex.def Info: TREEPtInteriorVegk89.png  used on input line 644.
(pdftex.def)             Requested size: 276.559pt x 207.4299pt.
 [91

 <./TREEPtInteriorVegk89.png>]
<TREEPtInteriorVegk90.png, id=669, 462.528pt x 346.896pt>
File: TREEPtInteriorVegk90.png Graphic file (type png)
<use TREEPtInteriorVegk90.png>
Package pdftex.def Info: TREEPtInteriorVegk90.png  used on input line 651.
(pdftex.def)             Requested size: 276.559pt x 207.4299pt.
 [92

 <./TREEPtInteriorVegk90.png>]
<TREEPtInteriorVegk91.png, id=676, 462.528pt x 346.896pt>
File: TREEPtInteriorVegk91.png Graphic file (type png)
<use TREEPtInteriorVegk91.png>
Package pdftex.def Info: TREEPtInteriorVegk91.png  used on input line 658.
(pdftex.def)             Requested size: 276.559pt x 207.4299pt.
[93

 <./TREEPtInteriorVegk91.png>]
<TREEPtInteriorVegk92.png, id=683, 462.528pt x 346.896pt>
File: TREEPtInteriorVegk92.png Graphic file (type png)
<use TREEPtInteriorVegk92.png>
Package pdftex.def Info: TREEPtInteriorVegk92.png  used on input line 665.
(pdftex.def)             Requested size: 276.559pt x 207.4299pt.
 [94

 <./TREEPtInteriorVegk92.png>]
<TREEPtInteriorVegk93.png, id=690, 462.528pt x 346.896pt>
File: TREEPtInteriorVegk93.png Graphic file (type png)
<use TREEPtInteriorVegk93.png>
Package pdftex.def Info: TREEPtInteriorVegk93.png  used on input line 672.
(pdftex.def)             Requested size: 276.559pt x 207.4299pt.
 [95

 <./TREEPtInteriorVegk93.png>]
<TREEPtInteriorVegk94.png, id=697, 462.528pt x 346.896pt>
File: TREEPtInteriorVegk94.png Graphic file (type png)
<use TREEPtInteriorVegk94.png>
Package pdftex.def Info: TREEPtInteriorVegk94.png  used on input line 679.
(pdftex.def)             Requested size: 276.559pt x 207.4299pt.
 [96

 <./TREEPtInteriorVegk94.png>]
<TREEPtInteriorVegk95.png, id=704, 462.528pt x 346.896pt>
File: TREEPtInteriorVegk95.png Graphic file (type png)
<use TREEPtInteriorVegk95.png>
Package pdftex.def Info: TREEPtInteriorVegk95.png  used on input line 686.
(pdftex.def)             Requested size: 276.559pt x 207.4299pt.
 [97

 <./TREEPtInteriorVegk95.png>]
<TREEPtInteriorVegk96.png, id=712, 462.528pt x 346.896pt>
File: TREEPtInteriorVegk96.png Graphic file (type png)
<use TREEPtInteriorVegk96.png>
Package pdftex.def Info: TREEPtInteriorVegk96.png  used on input line 693.
(pdftex.def)             Requested size: 276.559pt x 207.4299pt.
 [98

 <./TREEPtInteriorVegk96.png>]
<TREEPtInteriorVegk97.png, id=719, 462.528pt x 346.896pt>
File: TREEPtInteriorVegk97.png Graphic file (type png)
<use TREEPtInteriorVegk97.png>
Package pdftex.def Info: TREEPtInteriorVegk97.png  used on input line 700.
(pdftex.def)             Requested size: 276.559pt x 207.4299pt.
 [99

 <./TREEPtInteriorVegk97.png>]
<TREEPtInteriorVegk98.png, id=726, 462.528pt x 346.896pt>
File: TREEPtInteriorVegk98.png Graphic file (type png)
<use TREEPtInteriorVegk98.png>
Package pdftex.def Info: TREEPtInteriorVegk98.png  used on input line 707.
(pdftex.def)             Requested size: 276.559pt x 207.4299pt.
[100

 <./TREEPtInteriorVegk98.png>]
<TREEPtInteriorVegk99.png, id=734, 462.528pt x 346.896pt>
File: TREEPtInteriorVegk99.png Graphic file (type png)
<use TREEPtInteriorVegk99.png>
Package pdftex.def Info: TREEPtInteriorVegk99.png  used on input line 714.
(pdftex.def)             Requested size: 276.559pt x 207.4299pt.
 [101

 <./TREEPtInteriorVegk99.png>]
\tf@nav=\write6
\openout6 = `InteriorVegetation.nav'.

\tf@toc=\write7
\openout7 = `InteriorVegetation.toc'.

\tf@snm=\write8
\openout8 = `InteriorVegetation.snm'.

Package atveryend Info: Empty hook `BeforeClearDocument' on input line 715.
Package atveryend Info: Empty hook `AfterLastShipout' on input line 715.

(./InteriorVegetation.aux)
Package atveryend Info: Executing hook `AtVeryEndDocument' on input line 715.
Package atveryend Info: Executing hook `AtEndAfterFileList' on input line 715.
Package rerunfilecheck Info: File `InteriorVegetation.out' has not changed.
(rerunfilecheck)             Checksum: D41D8CD98F00B204E9800998ECF8427E;0.
 ) 
Here is how much of TeX's memory you used:
 17595 strings out of 492982
 333659 string characters out of 6134896
 387289 words of memory out of 5000000
 20505 multiletter control sequences out of 15000+600000
 5731 words of font info for 21 fonts, out of 8000000 for 9000
 1141 hyphenation exceptions out of 8191
 56i,11n,55p,825b,371s stack positions out of 5000i,500n,10000p,200000b,80000s
</usr/share/texlive/texmf-dist/fonts/type1/public/amsfonts/cm/cmbx12.pfb></us
r/share/texlive/texmf-dist/fonts/type1/public/amsfonts/cm/cmr10.pfb>
Output written on InteriorVegetation.pdf (101 pages, 1714735 bytes).
PDF statistics:
 795 PDF objects out of 1000 (max. 8388607)
 480 compressed objects within 5 object streams
 203 named destinations out of 1000 (max. 500000)
 543 words of extra memory for PDF output out of 10000 (max. 10000000)

